#
# A fatal error has been detected by the Java Runtime Environment:
#
#  Internal Error (./open/src/hotspot/share/interpreter/oopMapCache.cpp:111), pid=9508, tid=14104
#  Error: ShouldNotReachHere()
#
# JRE version: OpenJDK Runtime Environment (15.0.2+7) (build 15.0.2+7-27)
# Java VM: OpenJDK 64-Bit Server VM (15.0.2+7-27, mixed mode, tiered, compressed oops, g1 gc, windows-amd64)
# No core dump will be written. Minidumps are not enabled by default on client versions of Windows
#
# If you would like to submit a bug report, please visit:
#   https://bugreport.java.com/bugreport/crash.jsp
#

---------------  S U M M A R Y ------------

Command Line: -XX:+ShowCodeDetailsInExceptionMessages -agentlib:jdwp=transport=dt_socket,suspend=y,address=localhost:58981 -javaagent:C:\Users\SMART16\eclipse\java-2022-12\eclipse.old\configuration\org.eclipse.osgi\222\0\.cp\lib\javaagent-shaded.jar -Dfile.encoding=MS949 Question07

Host: Intel(R) Xeon(R) CPU E5-1620 v4 @ 3.50GHz, 8 cores, 31G,  Windows 10 , 64 bit Build 19041 (10.0.19041.2546)
Time: Wed Mar 22 17:49:35 2023 대한민국 표준시 elapsed time: 142.807636 seconds (0d 0h 2m 22s)

---------------  T H R E A D  ---------------

Current thread (0x000002266f2f34b0):  JavaThread "JDWP Transport Listener: dt_socket" daemon [_thread_in_vm, id=14104, stack(0x000000c324400000,0x000000c324500000)] _threads_hazard_ptr=0x000002266f577f60

Stack: [0x000000c324400000,0x000000c324500000]
Native frames: (J=compiled Java code, j=interpreted, Vv=VM code, C=native code)
V  [jvm.dll+0x62ae9a]
V  [jvm.dll+0x7817a9]
V  [jvm.dll+0x782f03]
V  [jvm.dll+0x783517]
V  [jvm.dll+0x21628c]
V  [jvm.dll+0x2161d3]
V  [jvm.dll+0x619eea]
V  [jvm.dll+0x619ba3]
V  [jvm.dll+0x5df278]
V  [jvm.dll+0x77876f]
V  [jvm.dll+0x4f02e1]
V  [jvm.dll+0x7882b5]
V  [jvm.dll+0x4d40ea]
V  [jvm.dll+0x49526b]
C  [jdwp.dll+0x7f79]


---------------  P R O C E S S  ---------------

Threads class SMR info:
_java_thread_list=0x000002266f577f60, length=14, elements={
0x0000022644055cb0, 0x000002266f003140, 0x000002266f003d10, 0x000002266e72e0d0,
0x000002266f042d00, 0x000002266f0433c0, 0x000002266f0496b0, 0x000002266f04c160,
0x000002266f029410, 0x000002266f1ca570, 0x000002266f2f34b0, 0x000002266f490610,
0x000002266f490f10, 0x000002266f54c910
}

Java Threads: ( => current thread )
  0x0000022644055cb0 JavaThread "main" [_thread_blocked, id=9512, stack(0x000000c323300000,0x000000c323400000)]
  0x000002266f003140 JavaThread "Reference Handler" daemon [_thread_blocked, id=5624, stack(0x000000c323a00000,0x000000c323b00000)]
  0x000002266f003d10 JavaThread "Finalizer" daemon [_thread_blocked, id=12328, stack(0x000000c323b00000,0x000000c323c00000)]
  0x000002266e72e0d0 JavaThread "Signal Dispatcher" daemon [_thread_blocked, id=12344, stack(0x000000c323c00000,0x000000c323d00000)]
  0x000002266f042d00 JavaThread "Attach Listener" daemon [_thread_blocked, id=13048, stack(0x000000c323d00000,0x000000c323e00000)]
  0x000002266f0433c0 JavaThread "Service Thread" daemon [_thread_blocked, id=5832, stack(0x000000c323e00000,0x000000c323f00000)]
  0x000002266f0496b0 JavaThread "C2 CompilerThread0" daemon [_thread_blocked, id=1456, stack(0x000000c323f00000,0x000000c324000000)]
  0x000002266f04c160 JavaThread "C1 CompilerThread0" daemon [_thread_blocked, id=13172, stack(0x000000c324000000,0x000000c324100000)]
  0x000002266f029410 JavaThread "Sweeper thread" daemon [_thread_blocked, id=5196, stack(0x000000c324100000,0x000000c324200000)]
  0x000002266f1ca570 JavaThread "Common-Cleaner" daemon [_thread_blocked, id=9592, stack(0x000000c324200000,0x000000c324300000)]
=>0x000002266f2f34b0 JavaThread "JDWP Transport Listener: dt_socket" daemon [_thread_in_vm, id=14104, stack(0x000000c324400000,0x000000c324500000)] _threads_hazard_ptr=0x000002266f577f60
  0x000002266f490610 JavaThread "JDWP Event Helper Thread" daemon [_thread_blocked, id=9528, stack(0x000000c324500000,0x000000c324600000)]
  0x000002266f490f10 JavaThread "JDWP Command Reader" daemon [_thread_in_native, id=13524, stack(0x000000c324600000,0x000000c324700000)]
  0x000002266f54c910 JavaThread "Notification Thread" daemon [_thread_blocked, id=3228, stack(0x000000c324700000,0x000000c324800000)]

Other Threads:
  0x000002266efcd8f0 VMThread "VM Thread" [stack: 0x000000c323900000,0x000000c323a00000] [id=6740]
  0x0000022644056e60 WatcherThread [stack: 0x000000c324800000,0x000000c324900000] [id=11928]
  0x00000226440cd700 GCTaskThread "GC Thread#0" [stack: 0x000000c323400000,0x000000c323500000] [id=5340]
  0x00000226440df0c0 ConcurrentGCThread "G1 Main Marker" [stack: 0x000000c323500000,0x000000c323600000] [id=3048]
  0x00000226440dfd30 ConcurrentGCThread "G1 Conc#0" [stack: 0x000000c323600000,0x000000c323700000] [id=260]
  0x000002266e5e1a00 ConcurrentGCThread "G1 Refine#0" [stack: 0x000000c323700000,0x000000c323800000] [id=1796]
  0x000002266e5e2510 ConcurrentGCThread "G1 Young RemSet Sampling" [stack: 0x000000c323800000,0x000000c323900000] [id=7340]

Threads with active compile tasks:

VM state: not at safepoint (normal execution)

VM Mutex/Monitor currently owned by a thread: None

Heap address: 0x0000000601400000, size: 8172 MB, Compressed Oops mode: Zero based, Oop shift amount: 3
CDS disabled.
Compressed class space mapped at: 0x0000000800000000-0x0000000840000000, size: 1073741824
Narrow klass base: 0x0000000800000000, Narrow klass shift: 0, Narrow klass range: 0x40000000

GC Precious Log:
 CPUs: 8 total, 8 available
 Memory: 32684M
 Large Page Support: Disabled
 NUMA Support: Disabled
 Compressed Oops: Enabled (Zero based)
 Heap Region Size: 4M
 Heap Min Capacity: 8M
 Heap Initial Capacity: 512M
 Heap Max Capacity: 8172M
 Pre-touch: Disabled
 Parallel Workers: 8
 Concurrent Workers: 2
 Concurrent Refinement Workers: 8
 Periodic GC: Disabled

Heap:
 garbage-first heap   total 524288K, used 4096K [0x0000000601400000, 0x0000000800000000)
  region size 4096K, 2 young (8192K), 0 survivors (0K)
 Metaspace       used 9333K, capacity 9438K, committed 9600K, reserved 1058816K
  class space    used 791K, capacity 821K, committed 896K, reserved 1048576K

Heap Regions: E=young(eden), S=young(survivor), O=old, HS=humongous(starts), HC=humongous(continues), CS=collection set, F=free, OA=open archive, CA=closed archive, TAMS=top-at-mark-start (previous, next)
|   0|0x0000000601400000, 0x0000000601400000, 0x0000000601800000|  0%| F|  |TAMS 0x0000000601400000, 0x0000000601400000| Untracked 
|   1|0x0000000601800000, 0x0000000601800000, 0x0000000601c00000|  0%| F|  |TAMS 0x0000000601800000, 0x0000000601800000| Untracked 
|   2|0x0000000601c00000, 0x0000000601c00000, 0x0000000602000000|  0%| F|  |TAMS 0x0000000601c00000, 0x0000000601c00000| Untracked 
|   3|0x0000000602000000, 0x0000000602000000, 0x0000000602400000|  0%| F|  |TAMS 0x0000000602000000, 0x0000000602000000| Untracked 
|   4|0x0000000602400000, 0x0000000602400000, 0x0000000602800000|  0%| F|  |TAMS 0x0000000602400000, 0x0000000602400000| Untracked 
|   5|0x0000000602800000, 0x0000000602800000, 0x0000000602c00000|  0%| F|  |TAMS 0x0000000602800000, 0x0000000602800000| Untracked 
|   6|0x0000000602c00000, 0x0000000602c00000, 0x0000000603000000|  0%| F|  |TAMS 0x0000000602c00000, 0x0000000602c00000| Untracked 
|   7|0x0000000603000000, 0x0000000603000000, 0x0000000603400000|  0%| F|  |TAMS 0x0000000603000000, 0x0000000603000000| Untracked 
|   8|0x0000000603400000, 0x0000000603400000, 0x0000000603800000|  0%| F|  |TAMS 0x0000000603400000, 0x0000000603400000| Untracked 
|   9|0x0000000603800000, 0x0000000603800000, 0x0000000603c00000|  0%| F|  |TAMS 0x0000000603800000, 0x0000000603800000| Untracked 
|  10|0x0000000603c00000, 0x0000000603c00000, 0x0000000604000000|  0%| F|  |TAMS 0x0000000603c00000, 0x0000000603c00000| Untracked 
|  11|0x0000000604000000, 0x0000000604000000, 0x0000000604400000|  0%| F|  |TAMS 0x0000000604000000, 0x0000000604000000| Untracked 
|  12|0x0000000604400000, 0x0000000604400000, 0x0000000604800000|  0%| F|  |TAMS 0x0000000604400000, 0x0000000604400000| Untracked 
|  13|0x0000000604800000, 0x0000000604800000, 0x0000000604c00000|  0%| F|  |TAMS 0x0000000604800000, 0x0000000604800000| Untracked 
|  14|0x0000000604c00000, 0x0000000604c00000, 0x0000000605000000|  0%| F|  |TAMS 0x0000000604c00000, 0x0000000604c00000| Untracked 
|  15|0x0000000605000000, 0x0000000605000000, 0x0000000605400000|  0%| F|  |TAMS 0x0000000605000000, 0x0000000605000000| Untracked 
|  16|0x0000000605400000, 0x0000000605400000, 0x0000000605800000|  0%| F|  |TAMS 0x0000000605400000, 0x0000000605400000| Untracked 
|  17|0x0000000605800000, 0x0000000605800000, 0x0000000605c00000|  0%| F|  |TAMS 0x0000000605800000, 0x0000000605800000| Untracked 
|  18|0x0000000605c00000, 0x0000000605c00000, 0x0000000606000000|  0%| F|  |TAMS 0x0000000605c00000, 0x0000000605c00000| Untracked 
|  19|0x0000000606000000, 0x0000000606000000, 0x0000000606400000|  0%| F|  |TAMS 0x0000000606000000, 0x0000000606000000| Untracked 
|  20|0x0000000606400000, 0x0000000606400000, 0x0000000606800000|  0%| F|  |TAMS 0x0000000606400000, 0x0000000606400000| Untracked 
|  21|0x0000000606800000, 0x0000000606800000, 0x0000000606c00000|  0%| F|  |TAMS 0x0000000606800000, 0x0000000606800000| Untracked 
|  22|0x0000000606c00000, 0x0000000606c00000, 0x0000000607000000|  0%| F|  |TAMS 0x0000000606c00000, 0x0000000606c00000| Untracked 
|  23|0x0000000607000000, 0x0000000607000000, 0x0000000607400000|  0%| F|  |TAMS 0x0000000607000000, 0x0000000607000000| Untracked 
|  24|0x0000000607400000, 0x0000000607400000, 0x0000000607800000|  0%| F|  |TAMS 0x0000000607400000, 0x0000000607400000| Untracked 
|  25|0x0000000607800000, 0x0000000607800000, 0x0000000607c00000|  0%| F|  |TAMS 0x0000000607800000, 0x0000000607800000| Untracked 
|  26|0x0000000607c00000, 0x0000000607c00000, 0x0000000608000000|  0%| F|  |TAMS 0x0000000607c00000, 0x0000000607c00000| Untracked 
|  27|0x0000000608000000, 0x0000000608000000, 0x0000000608400000|  0%| F|  |TAMS 0x0000000608000000, 0x0000000608000000| Untracked 
|  28|0x0000000608400000, 0x0000000608400000, 0x0000000608800000|  0%| F|  |TAMS 0x0000000608400000, 0x0000000608400000| Untracked 
|  29|0x0000000608800000, 0x0000000608800000, 0x0000000608c00000|  0%| F|  |TAMS 0x0000000608800000, 0x0000000608800000| Untracked 
|  30|0x0000000608c00000, 0x0000000608c00000, 0x0000000609000000|  0%| F|  |TAMS 0x0000000608c00000, 0x0000000608c00000| Untracked 
|  31|0x0000000609000000, 0x0000000609000000, 0x0000000609400000|  0%| F|  |TAMS 0x0000000609000000, 0x0000000609000000| Untracked 
|  32|0x0000000609400000, 0x0000000609400000, 0x0000000609800000|  0%| F|  |TAMS 0x0000000609400000, 0x0000000609400000| Untracked 
|  33|0x0000000609800000, 0x0000000609800000, 0x0000000609c00000|  0%| F|  |TAMS 0x0000000609800000, 0x0000000609800000| Untracked 
|  34|0x0000000609c00000, 0x0000000609c00000, 0x000000060a000000|  0%| F|  |TAMS 0x0000000609c00000, 0x0000000609c00000| Untracked 
|  35|0x000000060a000000, 0x000000060a000000, 0x000000060a400000|  0%| F|  |TAMS 0x000000060a000000, 0x000000060a000000| Untracked 
|  36|0x000000060a400000, 0x000000060a400000, 0x000000060a800000|  0%| F|  |TAMS 0x000000060a400000, 0x000000060a400000| Untracked 
|  37|0x000000060a800000, 0x000000060a800000, 0x000000060ac00000|  0%| F|  |TAMS 0x000000060a800000, 0x000000060a800000| Untracked 
|  38|0x000000060ac00000, 0x000000060ac00000, 0x000000060b000000|  0%| F|  |TAMS 0x000000060ac00000, 0x000000060ac00000| Untracked 
|  39|0x000000060b000000, 0x000000060b000000, 0x000000060b400000|  0%| F|  |TAMS 0x000000060b000000, 0x000000060b000000| Untracked 
|  40|0x000000060b400000, 0x000000060b400000, 0x000000060b800000|  0%| F|  |TAMS 0x000000060b400000, 0x000000060b400000| Untracked 
|  41|0x000000060b800000, 0x000000060b800000, 0x000000060bc00000|  0%| F|  |TAMS 0x000000060b800000, 0x000000060b800000| Untracked 
|  42|0x000000060bc00000, 0x000000060bc00000, 0x000000060c000000|  0%| F|  |TAMS 0x000000060bc00000, 0x000000060bc00000| Untracked 
|  43|0x000000060c000000, 0x000000060c000000, 0x000000060c400000|  0%| F|  |TAMS 0x000000060c000000, 0x000000060c000000| Untracked 
|  44|0x000000060c400000, 0x000000060c400000, 0x000000060c800000|  0%| F|  |TAMS 0x000000060c400000, 0x000000060c400000| Untracked 
|  45|0x000000060c800000, 0x000000060c800000, 0x000000060cc00000|  0%| F|  |TAMS 0x000000060c800000, 0x000000060c800000| Untracked 
|  46|0x000000060cc00000, 0x000000060cc00000, 0x000000060d000000|  0%| F|  |TAMS 0x000000060cc00000, 0x000000060cc00000| Untracked 
|  47|0x000000060d000000, 0x000000060d000000, 0x000000060d400000|  0%| F|  |TAMS 0x000000060d000000, 0x000000060d000000| Untracked 
|  48|0x000000060d400000, 0x000000060d400000, 0x000000060d800000|  0%| F|  |TAMS 0x000000060d400000, 0x000000060d400000| Untracked 
|  49|0x000000060d800000, 0x000000060d800000, 0x000000060dc00000|  0%| F|  |TAMS 0x000000060d800000, 0x000000060d800000| Untracked 
|  50|0x000000060dc00000, 0x000000060dc00000, 0x000000060e000000|  0%| F|  |TAMS 0x000000060dc00000, 0x000000060dc00000| Untracked 
|  51|0x000000060e000000, 0x000000060e000000, 0x000000060e400000|  0%| F|  |TAMS 0x000000060e000000, 0x000000060e000000| Untracked 
|  52|0x000000060e400000, 0x000000060e400000, 0x000000060e800000|  0%| F|  |TAMS 0x000000060e400000, 0x000000060e400000| Untracked 
|  53|0x000000060e800000, 0x000000060e800000, 0x000000060ec00000|  0%| F|  |TAMS 0x000000060e800000, 0x000000060e800000| Untracked 
|  54|0x000000060ec00000, 0x000000060ec00000, 0x000000060f000000|  0%| F|  |TAMS 0x000000060ec00000, 0x000000060ec00000| Untracked 
|  55|0x000000060f000000, 0x000000060f000000, 0x000000060f400000|  0%| F|  |TAMS 0x000000060f000000, 0x000000060f000000| Untracked 
|  56|0x000000060f400000, 0x000000060f400000, 0x000000060f800000|  0%| F|  |TAMS 0x000000060f400000, 0x000000060f400000| Untracked 
|  57|0x000000060f800000, 0x000000060f800000, 0x000000060fc00000|  0%| F|  |TAMS 0x000000060f800000, 0x000000060f800000| Untracked 
|  58|0x000000060fc00000, 0x000000060fc00000, 0x0000000610000000|  0%| F|  |TAMS 0x000000060fc00000, 0x000000060fc00000| Untracked 
|  59|0x0000000610000000, 0x0000000610000000, 0x0000000610400000|  0%| F|  |TAMS 0x0000000610000000, 0x0000000610000000| Untracked 
|  60|0x0000000610400000, 0x0000000610400000, 0x0000000610800000|  0%| F|  |TAMS 0x0000000610400000, 0x0000000610400000| Untracked 
|  61|0x0000000610800000, 0x0000000610800000, 0x0000000610c00000|  0%| F|  |TAMS 0x0000000610800000, 0x0000000610800000| Untracked 
|  62|0x0000000610c00000, 0x0000000610c00000, 0x0000000611000000|  0%| F|  |TAMS 0x0000000610c00000, 0x0000000610c00000| Untracked 
|  63|0x0000000611000000, 0x0000000611000000, 0x0000000611400000|  0%| F|  |TAMS 0x0000000611000000, 0x0000000611000000| Untracked 
|  64|0x0000000611400000, 0x0000000611400000, 0x0000000611800000|  0%| F|  |TAMS 0x0000000611400000, 0x0000000611400000| Untracked 
|  65|0x0000000611800000, 0x0000000611800000, 0x0000000611c00000|  0%| F|  |TAMS 0x0000000611800000, 0x0000000611800000| Untracked 
|  66|0x0000000611c00000, 0x0000000611c00000, 0x0000000612000000|  0%| F|  |TAMS 0x0000000611c00000, 0x0000000611c00000| Untracked 
|  67|0x0000000612000000, 0x0000000612000000, 0x0000000612400000|  0%| F|  |TAMS 0x0000000612000000, 0x0000000612000000| Untracked 
|  68|0x0000000612400000, 0x0000000612400000, 0x0000000612800000|  0%| F|  |TAMS 0x0000000612400000, 0x0000000612400000| Untracked 
|  69|0x0000000612800000, 0x0000000612800000, 0x0000000612c00000|  0%| F|  |TAMS 0x0000000612800000, 0x0000000612800000| Untracked 
|  70|0x0000000612c00000, 0x0000000612c00000, 0x0000000613000000|  0%| F|  |TAMS 0x0000000612c00000, 0x0000000612c00000| Untracked 
|  71|0x0000000613000000, 0x0000000613000000, 0x0000000613400000|  0%| F|  |TAMS 0x0000000613000000, 0x0000000613000000| Untracked 
|  72|0x0000000613400000, 0x0000000613400000, 0x0000000613800000|  0%| F|  |TAMS 0x0000000613400000, 0x0000000613400000| Untracked 
|  73|0x0000000613800000, 0x0000000613800000, 0x0000000613c00000|  0%| F|  |TAMS 0x0000000613800000, 0x0000000613800000| Untracked 
|  74|0x0000000613c00000, 0x0000000613c00000, 0x0000000614000000|  0%| F|  |TAMS 0x0000000613c00000, 0x0000000613c00000| Untracked 
|  75|0x0000000614000000, 0x0000000614000000, 0x0000000614400000|  0%| F|  |TAMS 0x0000000614000000, 0x0000000614000000| Untracked 
|  76|0x0000000614400000, 0x0000000614400000, 0x0000000614800000|  0%| F|  |TAMS 0x0000000614400000, 0x0000000614400000| Untracked 
|  77|0x0000000614800000, 0x0000000614800000, 0x0000000614c00000|  0%| F|  |TAMS 0x0000000614800000, 0x0000000614800000| Untracked 
|  78|0x0000000614c00000, 0x0000000614c00000, 0x0000000615000000|  0%| F|  |TAMS 0x0000000614c00000, 0x0000000614c00000| Untracked 
|  79|0x0000000615000000, 0x0000000615000000, 0x0000000615400000|  0%| F|  |TAMS 0x0000000615000000, 0x0000000615000000| Untracked 
|  80|0x0000000615400000, 0x0000000615400000, 0x0000000615800000|  0%| F|  |TAMS 0x0000000615400000, 0x0000000615400000| Untracked 
|  81|0x0000000615800000, 0x0000000615800000, 0x0000000615c00000|  0%| F|  |TAMS 0x0000000615800000, 0x0000000615800000| Untracked 
|  82|0x0000000615c00000, 0x0000000615c00000, 0x0000000616000000|  0%| F|  |TAMS 0x0000000615c00000, 0x0000000615c00000| Untracked 
|  83|0x0000000616000000, 0x0000000616000000, 0x0000000616400000|  0%| F|  |TAMS 0x0000000616000000, 0x0000000616000000| Untracked 
|  84|0x0000000616400000, 0x0000000616400000, 0x0000000616800000|  0%| F|  |TAMS 0x0000000616400000, 0x0000000616400000| Untracked 
|  85|0x0000000616800000, 0x0000000616800000, 0x0000000616c00000|  0%| F|  |TAMS 0x0000000616800000, 0x0000000616800000| Untracked 
|  86|0x0000000616c00000, 0x0000000616c00000, 0x0000000617000000|  0%| F|  |TAMS 0x0000000616c00000, 0x0000000616c00000| Untracked 
|  87|0x0000000617000000, 0x0000000617000000, 0x0000000617400000|  0%| F|  |TAMS 0x0000000617000000, 0x0000000617000000| Untracked 
|  88|0x0000000617400000, 0x0000000617400000, 0x0000000617800000|  0%| F|  |TAMS 0x0000000617400000, 0x0000000617400000| Untracked 
|  89|0x0000000617800000, 0x0000000617800000, 0x0000000617c00000|  0%| F|  |TAMS 0x0000000617800000, 0x0000000617800000| Untracked 
|  90|0x0000000617c00000, 0x0000000617c00000, 0x0000000618000000|  0%| F|  |TAMS 0x0000000617c00000, 0x0000000617c00000| Untracked 
|  91|0x0000000618000000, 0x0000000618000000, 0x0000000618400000|  0%| F|  |TAMS 0x0000000618000000, 0x0000000618000000| Untracked 
|  92|0x0000000618400000, 0x0000000618400000, 0x0000000618800000|  0%| F|  |TAMS 0x0000000618400000, 0x0000000618400000| Untracked 
|  93|0x0000000618800000, 0x0000000618800000, 0x0000000618c00000|  0%| F|  |TAMS 0x0000000618800000, 0x0000000618800000| Untracked 
|  94|0x0000000618c00000, 0x0000000618c00000, 0x0000000619000000|  0%| F|  |TAMS 0x0000000618c00000, 0x0000000618c00000| Untracked 
|  95|0x0000000619000000, 0x0000000619000000, 0x0000000619400000|  0%| F|  |TAMS 0x0000000619000000, 0x0000000619000000| Untracked 
|  96|0x0000000619400000, 0x0000000619400000, 0x0000000619800000|  0%| F|  |TAMS 0x0000000619400000, 0x0000000619400000| Untracked 
|  97|0x0000000619800000, 0x0000000619800000, 0x0000000619c00000|  0%| F|  |TAMS 0x0000000619800000, 0x0000000619800000| Untracked 
|  98|0x0000000619c00000, 0x0000000619c00000, 0x000000061a000000|  0%| F|  |TAMS 0x0000000619c00000, 0x0000000619c00000| Untracked 
|  99|0x000000061a000000, 0x000000061a000000, 0x000000061a400000|  0%| F|  |TAMS 0x000000061a000000, 0x000000061a000000| Untracked 
| 100|0x000000061a400000, 0x000000061a400000, 0x000000061a800000|  0%| F|  |TAMS 0x000000061a400000, 0x000000061a400000| Untracked 
| 101|0x000000061a800000, 0x000000061a800000, 0x000000061ac00000|  0%| F|  |TAMS 0x000000061a800000, 0x000000061a800000| Untracked 
| 102|0x000000061ac00000, 0x000000061ac00000, 0x000000061b000000|  0%| F|  |TAMS 0x000000061ac00000, 0x000000061ac00000| Untracked 
| 103|0x000000061b000000, 0x000000061b000000, 0x000000061b400000|  0%| F|  |TAMS 0x000000061b000000, 0x000000061b000000| Untracked 
| 104|0x000000061b400000, 0x000000061b400000, 0x000000061b800000|  0%| F|  |TAMS 0x000000061b400000, 0x000000061b400000| Untracked 
| 105|0x000000061b800000, 0x000000061b800000, 0x000000061bc00000|  0%| F|  |TAMS 0x000000061b800000, 0x000000061b800000| Untracked 
| 106|0x000000061bc00000, 0x000000061bc00000, 0x000000061c000000|  0%| F|  |TAMS 0x000000061bc00000, 0x000000061bc00000| Untracked 
| 107|0x000000061c000000, 0x000000061c000000, 0x000000061c400000|  0%| F|  |TAMS 0x000000061c000000, 0x000000061c000000| Untracked 
| 108|0x000000061c400000, 0x000000061c400000, 0x000000061c800000|  0%| F|  |TAMS 0x000000061c400000, 0x000000061c400000| Untracked 
| 109|0x000000061c800000, 0x000000061c800000, 0x000000061cc00000|  0%| F|  |TAMS 0x000000061c800000, 0x000000061c800000| Untracked 
| 110|0x000000061cc00000, 0x000000061cc00000, 0x000000061d000000|  0%| F|  |TAMS 0x000000061cc00000, 0x000000061cc00000| Untracked 
| 111|0x000000061d000000, 0x000000061d000000, 0x000000061d400000|  0%| F|  |TAMS 0x000000061d000000, 0x000000061d000000| Untracked 
| 112|0x000000061d400000, 0x000000061d400000, 0x000000061d800000|  0%| F|  |TAMS 0x000000061d400000, 0x000000061d400000| Untracked 
| 113|0x000000061d800000, 0x000000061d800000, 0x000000061dc00000|  0%| F|  |TAMS 0x000000061d800000, 0x000000061d800000| Untracked 
| 114|0x000000061dc00000, 0x000000061dc00000, 0x000000061e000000|  0%| F|  |TAMS 0x000000061dc00000, 0x000000061dc00000| Untracked 
| 115|0x000000061e000000, 0x000000061e000000, 0x000000061e400000|  0%| F|  |TAMS 0x000000061e000000, 0x000000061e000000| Untracked 
| 116|0x000000061e400000, 0x000000061e400000, 0x000000061e800000|  0%| F|  |TAMS 0x000000061e400000, 0x000000061e400000| Untracked 
| 117|0x000000061e800000, 0x000000061e800000, 0x000000061ec00000|  0%| F|  |TAMS 0x000000061e800000, 0x000000061e800000| Untracked 
| 118|0x000000061ec00000, 0x000000061ec00000, 0x000000061f000000|  0%| F|  |TAMS 0x000000061ec00000, 0x000000061ec00000| Untracked 
| 119|0x000000061f000000, 0x000000061f000000, 0x000000061f400000|  0%| F|  |TAMS 0x000000061f000000, 0x000000061f000000| Untracked 
| 120|0x000000061f400000, 0x000000061f400000, 0x000000061f800000|  0%| F|  |TAMS 0x000000061f400000, 0x000000061f400000| Untracked 
| 121|0x000000061f800000, 0x000000061f800000, 0x000000061fc00000|  0%| F|  |TAMS 0x000000061f800000, 0x000000061f800000| Untracked 
| 122|0x000000061fc00000, 0x000000061fc00000, 0x0000000620000000|  0%| F|  |TAMS 0x000000061fc00000, 0x000000061fc00000| Untracked 
| 123|0x0000000620000000, 0x0000000620000000, 0x0000000620400000|  0%| F|  |TAMS 0x0000000620000000, 0x0000000620000000| Untracked 
| 124|0x0000000620400000, 0x0000000620400000, 0x0000000620800000|  0%| F|  |TAMS 0x0000000620400000, 0x0000000620400000| Untracked 
| 125|0x0000000620800000, 0x0000000620800000, 0x0000000620c00000|  0%| F|  |TAMS 0x0000000620800000, 0x0000000620800000| Untracked 
| 126|0x0000000620c00000, 0x0000000620da9120, 0x0000000621000000| 41%| E|  |TAMS 0x0000000620c00000, 0x0000000620c00000| Complete 
| 127|0x0000000621000000, 0x0000000621400000, 0x0000000621400000|100%| E|CS|TAMS 0x0000000621000000, 0x0000000621000000| Complete 

Card table byte_map: [0x0000022659cc0000,0x000002265acc0000] _byte_map_base: 0x0000022656cb6000

Marking Bits (Prev, Next): (CMBitMap*) 0x00000226440cdf70, (CMBitMap*) 0x00000226440cdfb0
 Prev Bits: [0x000002265bcc0000, 0x0000022663c70000)
 Next Bits: [0x0000022663c70000, 0x000002266bc20000)

Polling page: 0x0000022649220000

Metaspace:

Usage:
  Non-class:      8.42 MB capacity,     8.34 MB (>99%) used,    69.92 KB ( <1%) free+waste,     5.50 KB ( <1%) overhead. 
      Class:    821.00 KB capacity,   791.77 KB ( 96%) used,    27.54 KB (  3%) free+waste,     1.69 KB ( <1%) overhead. 
       Both:      9.22 MB capacity,     9.11 MB ( 99%) used,    97.46 KB (  1%) free+waste,     7.19 KB ( <1%) overhead. 

Virtual space:
  Non-class space:       10.00 MB reserved,       8.50 MB ( 85%) committed 
      Class space:        1.00 GB reserved,     896.00 KB ( <1%) committed 
             Both:        1.01 GB reserved,       9.38 MB ( <1%) committed 

Chunk freelists:
   Non-Class:  23.00 KB
       Class:  11.00 KB
        Both:  34.00 KB

MaxMetaspaceSize: 17179869184.00 GB
CompressedClassSpaceSize: 1.00 GB

CodeHeap 'non-profiled nmethods': size=120000Kb used=125Kb max_used=125Kb free=119874Kb
 bounds [0x0000022650d10000, 0x0000022650f80000, 0x0000022658240000]
CodeHeap 'profiled nmethods': size=120000Kb used=579Kb max_used=579Kb free=119420Kb
 bounds [0x00000226497e0000, 0x0000022649a50000, 0x0000022650d10000]
CodeHeap 'non-nmethods': size=5760Kb used=1229Kb max_used=1248Kb free=4531Kb
 bounds [0x0000022649240000, 0x00000226494b0000, 0x00000226497e0000]
 total_blobs=821 nmethods=429 adapters=305
 compilation: enabled
              stopped_count=0, restarted_count=0
 full_count=0

Compilation events (20 events):
Event: 120.939 Thread 0x000002266f04c160  426       3       java.lang.String::<init> (14 bytes)
Event: 120.939 Thread 0x000002266f04c160 nmethod 426 0x000002264986e890 code [0x000002264986ea40, 0x000002264986ec38]
Event: 120.939 Thread 0x000002266f04c160  429       3       org.eclipse.jdt.launching.internal.org.objectweb.asm.ClassReader::readUtf (44 bytes)
Event: 120.942 Thread 0x000002266f04c160 

Event: 120.942 Thread 0x000002266f04c160  428       3       org.eclipse.jdt.launching.internal.org.objectweb.asm.Symbol::<init> (38 bytes)
Event: 120.942 Thread 0x000002266f04c160 nmethod 428 0x000002264986ed90 code [0x000002264986ef40, 0x000002264986f1d8]
Event: 120.942 Thread 0x000002266f04c160  427       3       java.lang.String::rangeCheck (9 bytes)
Event: 120.942 Thread 0x000002266f04c160 nmethod 427 0x000002264986f310 code [0x000002264986f4c0, 0x000002264986f5e8]
Event: 138.912 Thread 0x000002266f04c160  430       3       org.eclipse.jdt.launching.internal.org.objectweb.asm.SymbolTable$Entry::<init> (17 bytes)
Event: 138.912 Thread 0x000002266f0496b0  431       4       java.lang.StringUTF16::getChar (60 bytes)
Event: 138.913 Thread 0x000002266f04c160 nmethod 430 0x000002264986f690 code [0x000002264986f840, 0x000002264986f9c8]
Event: 138.913 Thread 0x000002266f04c160  434       3       org.eclipse.jdt.launching.internal.org.objectweb.asm.ClassReader::readUtf (161 bytes)
Event: 138.916 Thread 0x000002266f0496b0 

Event: 138.916 Thread 0x000002266f04c160 

Event: 138.916 Thread 0x000002266f04c160  432       3       org.eclipse.jdt.launching.internal.org.objectweb.asm.ClassReader::readUtf (44 bytes)
Event: 138.916 Thread 0x000002266f04c160 nmethod 432 0x000002264986fa90 code [0x000002264986fc60, 0x0000022649870058]
Event: 138.916 Thread 0x000002266f04c160  433       3       java.lang.String::<init> (74 bytes)
Event: 138.916 Thread 0x000002266f04c160 nmethod 433 0x0000022649870210 code [0x00000226498703e0, 0x00000226498707d8]
Event: 138.916 Thread 0x000002266f04c160  435       3       org.eclipse.jdt.launching.internal.org.objectweb.asm.SymbolTable::add (39 bytes)
Event: 138.917 Thread 0x000002266f04c160 nmethod 435 0x0000022649870910 code [0x0000022649870ac0, 0x0000022649870e18]

GC Heap History (0 events):
No events

Deoptimization events (20 events):
Event: 0.348 Thread 0x0000022644055cb0 DEOPT PACKING pc=0x0000022649857c6d sp=0x000000c3233f7e00
Event: 0.348 Thread 0x0000022644055cb0 DEOPT UNPACKING pc=0x000002264928e23f sp=0x000000c3233f72c8 mode 0
Event: 0.348 Thread 0x0000022644055cb0 DEOPT PACKING pc=0x0000022649857c6d sp=0x000000c3233f7e00
Event: 0.348 Thread 0x0000022644055cb0 DEOPT UNPACKING pc=0x000002264928e23f sp=0x000000c3233f72c8 mode 0
Event: 0.349 Thread 0x0000022644055cb0 DEOPT PACKING pc=0x0000022649857c6d sp=0x000000c3233f7e00
Event: 0.349 Thread 0x0000022644055cb0 DEOPT UNPACKING pc=0x000002264928e23f sp=0x000000c3233f72c8 mode 0
Event: 0.351 Thread 0x0000022644055cb0 DEOPT PACKING pc=0x0000022649857c6d sp=0x000000c3233fb8e0
Event: 0.351 Thread 0x0000022644055cb0 DEOPT UNPACKING pc=0x000002264928e23f sp=0x000000c3233fada8 mode 0
Event: 0.351 Thread 0x0000022644055cb0 DEOPT PACKING pc=0x0000022649857c6d sp=0x000000c3233fb8e0
Event: 0.351 Thread 0x0000022644055cb0 DEOPT UNPACKING pc=0x000002264928e23f sp=0x000000c3233fada8 mode 0
Event: 0.353 Thread 0x0000022644055cb0 DEOPT PACKING pc=0x0000022649857c6d sp=0x000000c3233f7d80
Event: 0.353 Thread 0x0000022644055cb0 DEOPT UNPACKING pc=0x000002264928e23f sp=0x000000c3233f7248 mode 0
Event: 0.354 Thread 0x0000022644055cb0 DEOPT PACKING pc=0x0000022649857c6d sp=0x000000c3233fb810
Event: 0.354 Thread 0x0000022644055cb0 DEOPT UNPACKING pc=0x000002264928e23f sp=0x000000c3233facd8 mode 0
Event: 0.355 Thread 0x0000022644055cb0 Uncommon trap: trap_request=0xffffff45 fr.pc=0x0000022650d19df4 relative=0x0000000000000254
Event: 0.355 Thread 0x0000022644055cb0 Uncommon trap: reason=unstable_if action=reinterpret pc=0x0000022650d19df4 method=java.lang.String.hashCode()I @ 20 c2
Event: 0.355 Thread 0x0000022644055cb0 DEOPT PACKING pc=0x0000022650d19df4 sp=0x000000c3233fc8a0
Event: 0.355 Thread 0x0000022644055cb0 DEOPT UNPACKING pc=0x000002264928e42f sp=0x000000c3233fc838 mode 2
Event: 0.356 Thread 0x0000022644055cb0 DEOPT PACKING pc=0x0000022649857c6d sp=0x000000c3233fb8e0
Event: 0.356 Thread 0x0000022644055cb0 DEOPT UNPACKING pc=0x000002264928e23f sp=0x000000c3233fada8 mode 0

Classes unloaded (0 events):
No events

Classes redefined (4 events):
Event: 57.037 Thread 0x000002266efcd8f0 redefined class name=Question07, count=1
Event: 96.596 Thread 0x000002266efcd8f0 redefined class name=Question07, count=2
Event: 120.940 Thread 0x000002266efcd8f0 redefined class name=Question07, count=3
Event: 138.914 Thread 0x000002266efcd8f0 redefined class name=Question07, count=4

Internal exceptions (4 events):
Event: 0.243 Thread 0x0000022644055cb0 Exception <a 'java/lang/NoSuchMethodError'{0x000000062124e698}: 'void java.lang.invoke.DirectMethodHandle$Holder.invokeStatic(java.lang.Object, java.lang.Object)'> (0x000000062124e698) 
thrown [./open/src/hotspot/share/interpreter/linkResolver.cpp, line 782]
Event: 0.244 Thread 0x0000022644055cb0 Exception <a 'java/lang/NoSuchMethodError'{0x0000000621252340}: 'void java.lang.invoke.DirectMethodHandle$Holder.invokeStaticInit(java.lang.Object, java.lang.Object)'> (0x0000000621252340) 
thrown [./open/src/hotspot/share/interpreter/linkResolver.cpp, line 782]
Event: 0.326 Thread 0x0000022644055cb0 Exception <a 'java/lang/NoSuchMethodError'{0x0000000620cacf90}: 'java.lang.Object java.lang.invoke.DirectMethodHandle$Holder.invokeStatic(java.lang.Object)'> (0x0000000620cacf90) 
thrown [./open/src/hotspot/share/interpreter/linkResolver.cpp, line 782]
Event: 142.798 Thread 0x000002266f2f34b0 Exception <a 'java/lang/LinkageError'{0x00000006212765b0}> (0x00000006212765b0) 
thrown [./open/src/hotspot/share/oops/generateOopMap.cpp, line 2137]

Events (20 events):
Event: 142.679 Executing VM operation: SetFramePop
Event: 142.679 Executing VM operation: SetFramePop done
Event: 142.680 Executing VM operation: GetFrameLocation
Event: 142.680 Executing VM operation: GetFrameLocation done
Event: 142.680 Executing VM operation: GetCurrentLocation
Event: 142.680 Executing VM operation: GetCurrentLocation done
Event: 142.680 Executing VM operation: ChangeSingleStep
Event: 142.680 Executing VM operation: ChangeSingleStep done
Event: 142.680 Executing VM operation: GetFrameLocation
Event: 142.681 Executing VM operation: GetFrameLocation done
Event: 142.683 Executing VM operation: ChangeSingleStep
Event: 142.683 Executing VM operation: ChangeSingleStep done
Event: 142.683 Executing VM operation: GetFrameCount
Event: 142.683 Executing VM operation: GetFrameCount done
Event: 142.685 Executing VM operation: GetFrameCount
Event: 142.685 Executing VM operation: GetFrameCount done
Event: 142.685 Executing VM operation: GetStackTrace
Event: 142.685 Executing VM operation: GetStackTrace done
Event: 142.685 Executing VM operation: GetFrameCount
Event: 142.685 Executing VM operation: GetFrameCount done


Dynamic libraries:
0x00007ff743f80000 - 0x00007ff743f8d000 	C:\Users\SMART16\eclipse\java-2022-12\eclipse.old\plugins\org.eclipse.justj.openjdk.hotspot.jre.full.win32.x86_64_15.0.2.v20210201-0955\jre\bin\javaw.exe
0x00007ffdc66b0000 - 0x00007ffdc68a8000 	C:\WINDOWS\SYSTEM32\ntdll.dll
0x00007ffdc60c0000 - 0x00007ffdc617f000 	C:\WINDOWS\System32\KERNEL32.DLL
0x00007ffdc42c0000 - 0x00007ffdc4592000 	C:\WINDOWS\System32\KERNELBASE.dll
0x00007ffdc4060000 - 0x00007ffdc4160000 	C:\WINDOWS\System32\ucrtbase.dll
0x00007ffdbb790000 - 0x00007ffdbb7a8000 	C:\Users\SMART16\eclipse\java-2022-12\eclipse.old\plugins\org.eclipse.justj.openjdk.hotspot.jre.full.win32.x86_64_15.0.2.v20210201-0955\jre\bin\jli.dll
0x00007ffdbb770000 - 0x00007ffdbb789000 	C:\Users\SMART16\eclipse\java-2022-12\eclipse.old\plugins\org.eclipse.justj.openjdk.hotspot.jre.full.win32.x86_64_15.0.2.v20210201-0955\jre\bin\VCRUNTIME140.dll
0x00007ffdc4890000 - 0x00007ffdc4a31000 	C:\WINDOWS\System32\USER32.dll
0x00007ffdb5ad0000 - 0x00007ffdb5d6a000 	C:\WINDOWS\WinSxS\amd64_microsoft.windows.common-controls_6595b64144ccf1df_6.0.19041.1110_none_60b5254171f9507e\COMCTL32.dll
0x00007ffdc6340000 - 0x00007ffdc63de000 	C:\WINDOWS\System32\msvcrt.dll
0x00007ffdc4030000 - 0x00007ffdc4052000 	C:\WINDOWS\System32\win32u.dll
0x00007ffdc4790000 - 0x00007ffdc47bb000 	C:\WINDOWS\System32\GDI32.dll
0x00007ffdc3e90000 - 0x00007ffdc3f9f000 	C:\WINDOWS\System32\gdi32full.dll
0x00007ffdc45f0000 - 0x00007ffdc468d000 	C:\WINDOWS\System32\msvcp_win.dll
0x00007ffdc6510000 - 0x00007ffdc6540000 	C:\WINDOWS\System32\IMM32.DLL
0x00007ffdbc3e0000 - 0x00007ffdbc3ec000 	C:\Users\SMART16\eclipse\java-2022-12\eclipse.old\plugins\org.eclipse.justj.openjdk.hotspot.jre.full.win32.x86_64_15.0.2.v20210201-0955\jre\bin\vcruntime140_1.dll
0x00007ffda8890000 - 0x00007ffda8921000 	C:\Users\SMART16\eclipse\java-2022-12\eclipse.old\plugins\org.eclipse.justj.openjdk.hotspot.jre.full.win32.x86_64_15.0.2.v20210201-0955\jre\bin\msvcp140.dll
0x00007ffd855a0000 - 0x00007ffd860fe000 	C:\Users\SMART16\eclipse\java-2022-12\eclipse.old\plugins\org.eclipse.justj.openjdk.hotspot.jre.full.win32.x86_64_15.0.2.v20210201-0955\jre\bin\server\jvm.dll
0x00007ffdc63e0000 - 0x00007ffdc648e000 	C:\WINDOWS\System32\ADVAPI32.dll
0x00007ffdc5940000 - 0x00007ffdc59dc000 	C:\WINDOWS\System32\sechost.dll
0x00007ffdc5720000 - 0x00007ffdc5844000 	C:\WINDOWS\System32\RPCRT4.dll
0x00007ffdc5930000 - 0x00007ffdc5938000 	C:\WINDOWS\System32\PSAPI.DLL
0x00007ffdb6010000 - 0x00007ffdb601a000 	C:\WINDOWS\SYSTEM32\VERSION.dll
0x00007ffdb3a60000 - 0x00007ffdb3a69000 	C:\WINDOWS\SYSTEM32\WSOCK32.dll
0x00007ffdb5e70000 - 0x00007ffdb5e97000 	C:\WINDOWS\SYSTEM32\WINMM.dll
0x00007ffdc6270000 - 0x00007ffdc62db000 	C:\WINDOWS\System32\WS2_32.dll
0x00007ffdc1c90000 - 0x00007ffdc1ca2000 	C:\WINDOWS\SYSTEM32\kernel.appcore.dll
0x00007ffdbfa80000 - 0x00007ffdbfa8a000 	C:\Users\SMART16\eclipse\java-2022-12\eclipse.old\plugins\org.eclipse.justj.openjdk.hotspot.jre.full.win32.x86_64_15.0.2.v20210201-0955\jre\bin\jimage.dll
0x00007ffdb16f0000 - 0x00007ffdb18d4000 	C:\WINDOWS\SYSTEM32\DBGHELP.DLL
0x00007ffdb16b0000 - 0x00007ffdb16e5000 	C:\WINDOWS\SYSTEM32\dbgcore.DLL
0x00007ffdc3fa0000 - 0x00007ffdc4022000 	C:\WINDOWS\System32\bcryptPrimitives.dll
0x00007ffda8bd0000 - 0x00007ffda8c09000 	C:\Users\SMART16\eclipse\java-2022-12\eclipse.old\plugins\org.eclipse.justj.openjdk.hotspot.jre.full.win32.x86_64_15.0.2.v20210201-0955\jre\bin\jdwp.dll
0x00007ffdbb800000 - 0x00007ffdbb80e000 	C:\Users\SMART16\eclipse\java-2022-12\eclipse.old\plugins\org.eclipse.justj.openjdk.hotspot.jre.full.win32.x86_64_15.0.2.v20210201-0955\jre\bin\instrument.dll
0x00007ffdbc3f0000 - 0x00007ffdbc415000 	C:\Users\SMART16\eclipse\java-2022-12\eclipse.old\plugins\org.eclipse.justj.openjdk.hotspot.jre.full.win32.x86_64_15.0.2.v20210201-0955\jre\bin\java.dll
0x00007ffdbf870000 - 0x00007ffdbf888000 	C:\Users\SMART16\eclipse\java-2022-12\eclipse.old\plugins\org.eclipse.justj.openjdk.hotspot.jre.full.win32.x86_64_15.0.2.v20210201-0955\jre\bin\zip.dll
0x00007ffdc4a40000 - 0x00007ffdc5185000 	C:\WINDOWS\System32\SHELL32.dll
0x00007ffdc1e90000 - 0x00007ffdc2622000 	C:\WINDOWS\SYSTEM32\windows.storage.dll
0x00007ffdc5d60000 - 0x00007ffdc60b5000 	C:\WINDOWS\System32\combase.dll
0x00007ffdc3730000 - 0x00007ffdc3760000 	C:\WINDOWS\SYSTEM32\Wldp.dll
0x00007ffdc5ba0000 - 0x00007ffdc5c4d000 	C:\WINDOWS\System32\SHCORE.dll
0x00007ffdc61f0000 - 0x00007ffdc6245000 	C:\WINDOWS\System32\shlwapi.dll
0x00007ffdc3cf0000 - 0x00007ffdc3d0f000 	C:\WINDOWS\SYSTEM32\profapi.dll
0x00007ffdbb680000 - 0x00007ffdbb68b000 	C:\Users\SMART16\eclipse\java-2022-12\eclipse.old\plugins\org.eclipse.justj.openjdk.hotspot.jre.full.win32.x86_64_15.0.2.v20210201-0955\jre\bin\dt_socket.dll
0x00007ffdc3180000 - 0x00007ffdc31bb000 	C:\WINDOWS\SYSTEM32\IPHLPAPI.DLL
0x00007ffdc3490000 - 0x00007ffdc34fa000 	C:\WINDOWS\system32\mswsock.dll
0x00007ffdc31c0000 - 0x00007ffdc328b000 	C:\WINDOWS\SYSTEM32\DNSAPI.dll
0x00007ffdc61e0000 - 0x00007ffdc61e8000 	C:\WINDOWS\System32\NSI.dll
0x00007ffdbba80000 - 0x00007ffdbba8a000 	C:\Windows\System32\rasadhlp.dll
0x00007ffdba220000 - 0x00007ffdba2a0000 	C:\WINDOWS\System32\fwpuclnt.dll
0x00007ffdc3e60000 - 0x00007ffdc3e87000 	C:\WINDOWS\System32\bcrypt.dll
0x00007ffdbc4e0000 - 0x00007ffdbc4f9000 	C:\Users\SMART16\eclipse\java-2022-12\eclipse.old\plugins\org.eclipse.justj.openjdk.hotspot.jre.full.win32.x86_64_15.0.2.v20210201-0955\jre\bin\net.dll
0x00007ffdbb830000 - 0x00007ffdbb93a000 	C:\WINDOWS\SYSTEM32\WINHTTP.dll
0x00007ffdbbcd0000 - 0x00007ffdbbce2000 	C:\Users\SMART16\eclipse\java-2022-12\eclipse.old\plugins\org.eclipse.justj.openjdk.hotspot.jre.full.win32.x86_64_15.0.2.v20210201-0955\jre\bin\nio.dll
0x00007ffdbf8e0000 - 0x00007ffdbf8f0000 	C:\Users\SMART16\eclipse\java-2022-12\eclipse.old\plugins\org.eclipse.justj.openjdk.hotspot.jre.full.win32.x86_64_15.0.2.v20210201-0955\jre\bin\verify.dll

dbghelp: loaded successfully - version: 4.0.5 - missing functions: none
symbol engine: initialized successfully - sym options: 0x614 - pdb path: .;C:\Users\SMART16\eclipse\java-2022-12\eclipse.old\plugins\org.eclipse.justj.openjdk.hotspot.jre.full.win32.x86_64_15.0.2.v20210201-0955\jre\bin;C:\WINDOWS\SYSTEM32;C:\WINDOWS\WinSxS\amd64_microsoft.windows.common-controls_6595b64144ccf1df_6.0.19041.1110_none_60b5254171f9507e;C:\Users\SMART16\eclipse\java-2022-12\eclipse.old\plugins\org.eclipse.justj.openjdk.hotspot.jre.full.win32.x86_64_15.0.2.v20210201-0955\jre\bin\server

VM Arguments:
jvm_args: -XX:+ShowCodeDetailsInExceptionMessages -agentlib:jdwp=transport=dt_socket,suspend=y,address=localhost:58981 -javaagent:C:\Users\SMART16\eclipse\java-2022-12\eclipse.old\configuration\org.eclipse.osgi\222\0\.cp\lib\javaagent-shaded.jar -Dfile.encoding=MS949 
java_command: Question07
java_class_path (initial): C:\Users\SMART16\workSpace\01. java\03.20\03.22\bin
Launcher Type: SUN_STANDARD

[Global flags]
     intx CICompilerCount                          = 4                                         {product} {ergonomic}
     uint ConcGCThreads                            = 2                                         {product} {ergonomic}
     uint G1ConcRefinementThreads                  = 8                                         {product} {ergonomic}
   size_t G1HeapRegionSize                         = 4194304                                   {product} {ergonomic}
    uintx GCDrainStackTargetSize                   = 64                                        {product} {ergonomic}
   size_t InitialHeapSize                          = 536870912                                 {product} {ergonomic}
   size_t MarkStackSize                            = 4194304                                   {product} {ergonomic}
   size_t MaxHeapSize                              = 8568963072                                {product} {ergonomic}
   size_t MaxNewSize                               = 5138022400                                {product} {ergonomic}
   size_t MinHeapDeltaBytes                        = 4194304                                   {product} {ergonomic}
   size_t MinHeapSize                              = 8388608                                   {product} {ergonomic}
    uintx NonNMethodCodeHeapSize                   = 5839372                                {pd product} {ergonomic}
    uintx NonProfiledCodeHeapSize                  = 122909434                              {pd product} {ergonomic}
    uintx ProfiledCodeHeapSize                     = 122909434                              {pd product} {ergonomic}
    uintx ReservedCodeCacheSize                    = 251658240                              {pd product} {ergonomic}
     bool SegmentedCodeCache                       = true                                      {product} {ergonomic}
     bool ShowCodeDetailsInExceptionMessages       = true                                   {manageable} {command line}
   size_t SoftMaxHeapSize                          = 8568963072                             {manageable} {ergonomic}
     bool UseCompressedClassPointers               = true                                 {lp64_product} {ergonomic}
     bool UseCompressedOops                        = true                                 {lp64_product} {ergonomic}
     bool UseG1GC                                  = true                                      {product} {ergonomic}
     bool UseLargePagesIndividualAllocation        = false                                  {pd product} {ergonomic}

Logging:
Log output configuration:
 #0: stdout all=warning uptime,level,tags
 #1: stderr all=off uptime,level,tags

Environment Variables:
CLASSPATH=%JAVA_HOME%\lib
PATH=C:\Users\SMART16\eclipse\java-2022-12\eclipse.old\plugins\org.eclipse.justj.openjdk.hotspot.jre.full.win32.x86_64_15.0.2.v20210201-0955\jre\bin;C:/Users/SMART16/eclipse/java-2022-12/eclipse.old//plugins/org.eclipse.justj.openjdk.hotspot.jre.full.win32.x86_64_15.0.2.v20210201-0955/jre/bin/server;C:/Users/SMART16/eclipse/java-2022-12/eclipse.old//plugins/org.eclipse.justj.openjdk.hotspot.jre.full.win32.x86_64_15.0.2.v20210201-0955/jre/bin;C:\Program Files\Common Files\Oracle\Java\javapath;C:\oraclexe\app\oracle\product\11.2.0\server\bin;C:\Program Files\MariaDB 10.3\bin;C:\WINDOWS\system32;C:\WINDOWS;C:\WINDOWS\System32\Wbem;C:\WINDOWS\System32\WindowsPowerShell\v1.0\;C:\WINDOWS\System32\OpenSSH\;C:\Users\SMART16\AppData\Local\Microsoft\WindowsApps;C:\Users\SMART16\anaconda3;C:\Users\SMART16\anaconda3\Scripts;C:\Program Files\nodejs\;C:\Program Files\Git\cmd;C:\Program Files\PuTTY\;C:\Users\SMART16\anaconda3;C:\Users\SMART16\anaconda3\Library\mingw-w64\bin;C:\Users\SMART16\anaconda3\Library\usr\bin;C:\Users\SMART16\anaconda3\Library\bin;C:\Users\SMART16\anaconda3\Scripts;C:\Users\SMART16\AppData\Local\Microsoft\WindowsApps;C:\Users\SMART16\AppData\Local\atom\bin;C:\Users\SMART16\AppData\Roaming\npm;C:\Users\SMART16\AppData\Local\GitHubDesktop\bin;C:\Users\SMART16\eclipse\java-2022-12\eclipse.old;
USERNAME=SMART16
OS=Windows_NT
PROCESSOR_IDENTIFIER=Intel64 Family 6 Model 79 Stepping 1, GenuineIntel



---------------  S Y S T E M  ---------------

OS:
 Windows 10 , 64 bit Build 19041 (10.0.19041.2546)
OS uptime: 0 days 23:58 hours

CPU: total 8 (initial active 8) (4 cores per cpu, 2 threads per core) family 6 model 79 stepping 1 microcode 0xb000031, cmov, cx8, fxsr, mmx, sse, sse2, sse3, ssse3, sse4.1, sse4.2, popcnt, vzeroupper, avx, avx2, aes, clmul, erms, rtm, 3dnowpref, lzcnt, ht, tsc, tscinvbit, bmi1, bmi2, adx, fma, clflush

Memory: 4k page, system-wide physical 32684M (24540M free)
TotalPageFile size 37548M (AvailPageFile size 23981M)
current process WorkingSet (physical memory assigned to process): 47M, peak: 49M
current process commit charge ("private bytes"): 610M, peak: 613M

vm_info: OpenJDK 64-Bit Server VM (15.0.2+7-27) for windows-amd64 JRE (15.0.2+7-27), built on Dec  7 2020 20:02:38 by "mach5one" with unknown MS VC++:1925

END.
