#
# A fatal error has been detected by the Java Runtime Environment:
#
#  EXCEPTION_ACCESS_VIOLATION (0xc0000005) at pc=0x00007ffd8589faa5, pid=6980, tid=2112
#
# JRE version: OpenJDK Runtime Environment (15.0.2+7) (build 15.0.2+7-27)
# Java VM: OpenJDK 64-Bit Server VM (15.0.2+7-27, mixed mode, tiered, compressed oops, g1 gc, windows-amd64)
# Problematic frame:
# V  [jvm.dll+0x2ffaa5]
#
# No core dump will be written. Minidumps are not enabled by default on client versions of Windows
#
# If you would like to submit a bug report, please visit:
#   https://bugreport.java.com/bugreport/crash.jsp
#

---------------  S U M M A R Y ------------

Command Line: -XX:+ShowCodeDetailsInExceptionMessages -agentlib:jdwp=transport=dt_socket,suspend=y,address=localhost:59011 -javaagent:C:\Users\SMART16\eclipse\java-2022-12\eclipse.old\configuration\org.eclipse.osgi\222\0\.cp\lib\javaagent-shaded.jar -Dfile.encoding=MS949 Question07

Host: Intel(R) Xeon(R) CPU E5-1620 v4 @ 3.50GHz, 8 cores, 31G,  Windows 10 , 64 bit Build 19041 (10.0.19041.2546)
Time: Wed Mar 22 17:58:23 2023 대한민국 표준시 elapsed time: 143.563841 seconds (0d 0h 2m 23s)

---------------  T H R E A D  ---------------

Current thread (0x000001905047a7c0):  JavaThread "JDWP Transport Listener: dt_socket" daemon [_thread_in_vm, id=2112, stack(0x00000078cc600000,0x00000078cc700000)] _threads_hazard_ptr=0x00000190505bbea0

Stack: [0x00000078cc600000,0x00000078cc700000],  sp=0x00000078cc6fecb0,  free space=1019k
Native frames: (J=compiled Java code, j=interpreted, Vv=VM code, C=native code)
V  [jvm.dll+0x2ffaa5]
V  [jvm.dll+0x301fc2]
V  [jvm.dll+0x3026ce]
V  [jvm.dll+0x2ffd7f]
V  [jvm.dll+0x2ff02a]
V  [jvm.dll+0x619ec0]
V  [jvm.dll+0x619ba3]
V  [jvm.dll+0x5df278]
V  [jvm.dll+0x77876f]
V  [jvm.dll+0x4f02e1]
V  [jvm.dll+0x7882b5]
V  [jvm.dll+0x4d40ea]
V  [jvm.dll+0x49526b]
C  [jdwp.dll+0x7f79]


siginfo: EXCEPTION_ACCESS_VIOLATION (0xc0000005), reading address 0x0000000000000006


Register to memory mapping:

RIP=0x00007ffd8589faa5 jvm.dll
RAX=0x0 is NULL
RBX=0x00000078cc6fef50 is pointing into the stack for thread: 0x000001905047a7c0
RCX=0x0 is NULL
RDX=0x0 is NULL
RSP=0x00000078cc6fecb0 is pointing into the stack for thread: 0x000001905047a7c0
RBP=0x0000000000000001 is an unknown value
RSI=0x0000000000000001 is an unknown value
RDI=0x00000190510080b8 is pointing into metadata
R8 =0x0 is NULL
R9 =0x00000190510080b8 is pointing into metadata
R10=0x000001905056a140 points into unknown readable memory: 0x8fffffff47000000 | 00 00 00 47 ff ff ff 8f
R11=0x000001905056a100 points into unknown readable memory: 0x8fffffff47000000 | 00 00 00 47 ff ff ff 8f
R12=0x00007ffd855a0000 jvm.dll
R13=0x0000019050569f40 points into unknown readable memory: 0x0000000000000000 | 00 00 00 00 00 00 00 00
R14=0x0 is NULL
R15=0x0000000000000035 is an unknown value


Registers:
RAX=0x0000000000000000, RBX=0x00000078cc6fef50, RCX=0x0000000000000000, RDX=0x0000000000000000
RSP=0x00000078cc6fecb0, RBP=0x0000000000000001, RSI=0x0000000000000001, RDI=0x00000190510080b8
R8 =0x0000000000000000, R9 =0x00000190510080b8, R10=0x000001905056a140, R11=0x000001905056a100
R12=0x00007ffd855a0000, R13=0x0000019050569f40, R14=0x0000000000000000, R15=0x0000000000000035
RIP=0x00007ffd8589faa5, EFLAGS=0x0000000000010202

Top of Stack: (sp=0x00000078cc6fecb0)
0x00000078cc6fecb0:   00000078cc6fed20 00000078cc6fecb0
0x00000078cc6fecc0:   00000078cc6fed20 00007ffd856a20be
0x00000078cc6fecd0:   00000190510085b8 00007ffd85c2cd0e
0x00000078cc6fece0:   00000078cc6fef50 000000000000007d
0x00000078cc6fecf0:   0000e09300e07a6e 00007ffd858a321c
0x00000078cc6fed00:   0000000000000000 0000000000000000
0x00000078cc6fed10:   00000078cc6fef50 00007ffd858a1fc2
0x00000078cc6fed20:   00000190510085b8 00000078cc6fedc0
0x00000078cc6fed30:   0000000000000001 00007ffd858b4424
0x00000078cc6fed40:   0000007800000000 0000000000000000
0x00000078cc6fed50:   00000000000003d8 00007ffd85c47fb4
0x00000078cc6fed60:   00000078cc6fedc0 00007ffd856a20be
0x00000078cc6fed70:   00000190510085b8 00000078cc6fef50
0x00000078cc6fed80:   0000000000000035 0000000000000000
0x00000078cc6fed90:   00000078cc6fef50 00007ffd858a26ce
0x00000078cc6feda0:   00000078cc6fedf0 0000000000000000 

Instructions: (pc=0x00007ffd8589faa5)
0x00007ffd8589f9a5:   42 8b 1c 81 4e 8d 34 81 8b 75 58 41 81 e0 ff ff
0x00007ffd8589f9b5:   ff 00 41 81 c8 00 00 00 47 48 8b cd 45 89 06 c7
0x00007ffd8589f9c5:   45 58 01 00 00 00 e8 80 38 00 00 66 83 7c 24 68
0x00007ffd8589f9d5:   00 41 89 1e 89 75 58 74 40 8b 4c 24 70 49 ff c7
0x00007ffd8589f9e5:   0f b7 c1 48 83 c7 08 4c 3b f8 0f 8c 4b ff ff ff
0x00007ffd8589f9f5:   83 7d 5c 00 74 23 48 83 3d 8d 34 78 00 00 74 15
0x00007ffd8589fa05:   80 7d 42 00 74 0f 48 8d 15 86 f5 58 00 48 8b cd
0x00007ffd8589fa15:   e8 a6 42 00 00 c6 45 42 00 4c 8b 74 24 28 4c 8b
0x00007ffd8589fa25:   6c 24 30 4c 8b 64 24 38 48 8b 7c 24 40 48 8b 74
0x00007ffd8589fa35:   24 48 48 8b 5c 24 60 4c 8b 7c 24 20 48 83 c4 50
0x00007ffd8589fa45:   5d c3 cc cc cc cc cc cc cc cc cc 48 89 5c 24 10
0x00007ffd8589fa55:   48 89 6c 24 18 56 57 41 56 48 83 ec 50 48 8b 05
0x00007ffd8589fa65:   af 03 73 00 48 33 c4 48 89 44 24 40 48 8b 41 08
0x00007ffd8589fa75:   48 8b d9 41 8b e8 8b f2 45 33 c0 41 8b d1 48 8b
0x00007ffd8589fa85:   48 08 48 8b 79 08 48 8b cf e8 6d ee f0 ff 8b d0
0x00007ffd8589fa95:   48 8b cf e8 23 19 f1 ff 48 63 c8 48 8b 44 cf 48
0x00007ffd8589faa5:   0f be 48 06 e8 22 7c 3a 00 8b 0d d0 32 78 00 48
0x00007ffd8589fab5:   8d 3d cd 32 78 00 8d 50 f4 83 fa 01 76 27 8d 50
0x00007ffd8589fac5:   f9 f7 c2 fb ff ff ff 74 13 83 f8 0e 48 8d 15 c0
0x00007ffd8589fad5:   32 78 00 4c 8b d7 4c 0f 45 d2 eb 27 4c 8d 15 e0
0x00007ffd8589fae5:   32 78 00 eb 1e 8b 84 24 90 00 00 00 4c 8d 54 24
0x00007ffd8589faf5:   30 25 ff ff ff 00 89 4c 24 34 0d 00 00 00 46 89
0x00007ffd8589fb05:   44 24 30 45 33 c0 85 f6 74 05 49 8b fa eb 29 41
0x00007ffd8589fb15:   8b 02 85 c0 74 22 49 8b d0 4d 8b c8 42 89 44 0c
0x00007ffd8589fb25:   20 48 8d 52 01 4c 8d 0c 95 00 00 00 00 41 ff c0
0x00007ffd8589fb35:   43 8b 04 11 85 c0 75 e4 85 ed 75 10 8b 05 8d ce
0x00007ffd8589fb45:   6f 00 49 63 d0 41 ff c0 89 44 94 20 49 63 c0 4c
0x00007ffd8589fb55:   8d 74 24 20 89 4c 84 20 8b 74 24 20 85 f6 74 4c
0x00007ffd8589fb65:   48 63 53 58 85 d2 7f 18 48 8d 15 ac 0a 55 00 48
0x00007ffd8589fb75:   8b cb e8 14 48 00 00 44 8b 05 0d 32 78 00 eb 16
0x00007ffd8589fb85:   48 63 4b 20 8d 42 ff 89 43 58 48 03 ca 48 8b 43
0x00007ffd8589fb95:   48 44 8b 44 88 fc 8b d6 48 8b cb e8 5b f0 ff ff 


Stack slot to memory mapping:
stack at sp + 0 slots: 0x00000078cc6fed20 is pointing into the stack for thread: 0x000001905047a7c0
stack at sp + 1 slots: 0x00000078cc6fecb0 is pointing into the stack for thread: 0x000001905047a7c0
stack at sp + 2 slots: 0x00000078cc6fed20 is pointing into the stack for thread: 0x000001905047a7c0
stack at sp + 3 slots: 0x00007ffd856a20be jvm.dll
stack at sp + 4 slots: {method} {0x00000190510085c0} 'main' '([Ljava/lang/String;)V' in 'Question07'
stack at sp + 5 slots: 0x00007ffd85c2cd0e jvm.dll
stack at sp + 6 slots: 0x00000078cc6fef50 is pointing into the stack for thread: 0x000001905047a7c0
stack at sp + 7 slots: 0x000000000000007d is an unknown value


---------------  P R O C E S S  ---------------

Threads class SMR info:
_java_thread_list=0x00000190505bbea0, length=14, elements={
0x00000190270948c0, 0x000001905007c140, 0x000001905007cd10, 0x0000019050099000,
0x00000190500998c0, 0x000001905009c690, 0x00000190500bcd30, 0x00000190500bf640,
0x00000190500ca360, 0x00000190501ab030, 0x000001905047a7c0, 0x00000190504dd9b0,
0x00000190504de8b0, 0x00000190505f0510
}

Java Threads: ( => current thread )
  0x00000190270948c0 JavaThread "main" [_thread_blocked, id=8960, stack(0x00000078cb500000,0x00000078cb600000)]
  0x000001905007c140 JavaThread "Reference Handler" daemon [_thread_blocked, id=6736, stack(0x00000078cbc00000,0x00000078cbd00000)]
  0x000001905007cd10 JavaThread "Finalizer" daemon [_thread_blocked, id=6100, stack(0x00000078cbd00000,0x00000078cbe00000)]
  0x0000019050099000 JavaThread "Signal Dispatcher" daemon [_thread_blocked, id=8720, stack(0x00000078cbe00000,0x00000078cbf00000)]
  0x00000190500998c0 JavaThread "Attach Listener" daemon [_thread_blocked, id=10364, stack(0x00000078cbf00000,0x00000078cc000000)]
  0x000001905009c690 JavaThread "Service Thread" daemon [_thread_blocked, id=14168, stack(0x00000078cc000000,0x00000078cc100000)]
  0x00000190500bcd30 JavaThread "C2 CompilerThread0" daemon [_thread_blocked, id=5692, stack(0x00000078cc100000,0x00000078cc200000)]
  0x00000190500bf640 JavaThread "C1 CompilerThread0" daemon [_thread_blocked, id=8360, stack(0x00000078cc200000,0x00000078cc300000)]
  0x00000190500ca360 JavaThread "Sweeper thread" daemon [_thread_blocked, id=11912, stack(0x00000078cc300000,0x00000078cc400000)]
  0x00000190501ab030 JavaThread "Common-Cleaner" daemon [_thread_blocked, id=7816, stack(0x00000078cc400000,0x00000078cc500000)]
=>0x000001905047a7c0 JavaThread "JDWP Transport Listener: dt_socket" daemon [_thread_in_vm, id=2112, stack(0x00000078cc600000,0x00000078cc700000)]
  0x00000190504dd9b0 JavaThread "JDWP Event Helper Thread" daemon [_thread_blocked, id=2800, stack(0x00000078cc700000,0x00000078cc800000)]
  0x00000190504de8b0 JavaThread "JDWP Command Reader" daemon [_thread_in_native, id=14076, stack(0x00000078cc800000,0x00000078cc900000)]
  0x00000190505f0510 JavaThread "Notification Thread" daemon [_thread_blocked, id=11820, stack(0x00000078cc900000,0x00000078cca00000)]

Other Threads:
  0x0000019050046420 VMThread "VM Thread" [stack: 0x00000078cbb00000,0x00000078cbc00000] [id=7032]
  0x0000019027095800 WatcherThread [stack: 0x00000078cca00000,0x00000078ccb00000] [id=900]
  0x000001902710b020 GCTaskThread "GC Thread#0" [stack: 0x00000078cb600000,0x00000078cb700000] [id=12476]
  0x000001902711d970 ConcurrentGCThread "G1 Main Marker" [stack: 0x00000078cb700000,0x00000078cb800000] [id=10724]
  0x000001902711e560 ConcurrentGCThread "G1 Conc#0" [stack: 0x00000078cb800000,0x00000078cb900000] [id=6372]
  0x000001902716d680 ConcurrentGCThread "G1 Refine#0" [stack: 0x00000078cb900000,0x00000078cba00000] [id=11568]
  0x000001902716e280 ConcurrentGCThread "G1 Young RemSet Sampling" [stack: 0x00000078cba00000,0x00000078cbb00000] [id=1532]

Threads with active compile tasks:

VM state: not at safepoint (normal execution)

VM Mutex/Monitor currently owned by a thread: None

Heap address: 0x0000000601400000, size: 8172 MB, Compressed Oops mode: Zero based, Oop shift amount: 3
CDS disabled.
Compressed class space mapped at: 0x0000000800000000-0x0000000840000000, size: 1073741824
Narrow klass base: 0x0000000800000000, Narrow klass shift: 0, Narrow klass range: 0x40000000

GC Precious Log:
 CPUs: 8 total, 8 available
 Memory: 32684M
 Large Page Support: Disabled
 NUMA Support: Disabled
 Compressed Oops: Enabled (Zero based)
 Heap Region Size: 4M
 Heap Min Capacity: 8M
 Heap Initial Capacity: 512M
 Heap Max Capacity: 8172M
 Pre-touch: Disabled
 Parallel Workers: 8
 Concurrent Workers: 2
 Concurrent Refinement Workers: 8
 Periodic GC: Disabled

Heap:
 garbage-first heap   total 524288K, used 4096K [0x0000000601400000, 0x0000000800000000)
  region size 4096K, 2 young (8192K), 0 survivors (0K)
 Metaspace       used 9334K, capacity 9438K, committed 9600K, reserved 1058816K
  class space    used 791K, capacity 821K, committed 896K, reserved 1048576K

Heap Regions: E=young(eden), S=young(survivor), O=old, HS=humongous(starts), HC=humongous(continues), CS=collection set, F=free, OA=open archive, CA=closed archive, TAMS=top-at-mark-start (previous, next)
|   0|0x0000000601400000, 0x0000000601400000, 0x0000000601800000|  0%| F|  |TAMS 0x0000000601400000, 0x0000000601400000| Untracked 
|   1|0x0000000601800000, 0x0000000601800000, 0x0000000601c00000|  0%| F|  |TAMS 0x0000000601800000, 0x0000000601800000| Untracked 
|   2|0x0000000601c00000, 0x0000000601c00000, 0x0000000602000000|  0%| F|  |TAMS 0x0000000601c00000, 0x0000000601c00000| Untracked 
|   3|0x0000000602000000, 0x0000000602000000, 0x0000000602400000|  0%| F|  |TAMS 0x0000000602000000, 0x0000000602000000| Untracked 
|   4|0x0000000602400000, 0x0000000602400000, 0x0000000602800000|  0%| F|  |TAMS 0x0000000602400000, 0x0000000602400000| Untracked 
|   5|0x0000000602800000, 0x0000000602800000, 0x0000000602c00000|  0%| F|  |TAMS 0x0000000602800000, 0x0000000602800000| Untracked 
|   6|0x0000000602c00000, 0x0000000602c00000, 0x0000000603000000|  0%| F|  |TAMS 0x0000000602c00000, 0x0000000602c00000| Untracked 
|   7|0x0000000603000000, 0x0000000603000000, 0x0000000603400000|  0%| F|  |TAMS 0x0000000603000000, 0x0000000603000000| Untracked 
|   8|0x0000000603400000, 0x0000000603400000, 0x0000000603800000|  0%| F|  |TAMS 0x0000000603400000, 0x0000000603400000| Untracked 
|   9|0x0000000603800000, 0x0000000603800000, 0x0000000603c00000|  0%| F|  |TAMS 0x0000000603800000, 0x0000000603800000| Untracked 
|  10|0x0000000603c00000, 0x0000000603c00000, 0x0000000604000000|  0%| F|  |TAMS 0x0000000603c00000, 0x0000000603c00000| Untracked 
|  11|0x0000000604000000, 0x0000000604000000, 0x0000000604400000|  0%| F|  |TAMS 0x0000000604000000, 0x0000000604000000| Untracked 
|  12|0x0000000604400000, 0x0000000604400000, 0x0000000604800000|  0%| F|  |TAMS 0x0000000604400000, 0x0000000604400000| Untracked 
|  13|0x0000000604800000, 0x0000000604800000, 0x0000000604c00000|  0%| F|  |TAMS 0x0000000604800000, 0x0000000604800000| Untracked 
|  14|0x0000000604c00000, 0x0000000604c00000, 0x0000000605000000|  0%| F|  |TAMS 0x0000000604c00000, 0x0000000604c00000| Untracked 
|  15|0x0000000605000000, 0x0000000605000000, 0x0000000605400000|  0%| F|  |TAMS 0x0000000605000000, 0x0000000605000000| Untracked 
|  16|0x0000000605400000, 0x0000000605400000, 0x0000000605800000|  0%| F|  |TAMS 0x0000000605400000, 0x0000000605400000| Untracked 
|  17|0x0000000605800000, 0x0000000605800000, 0x0000000605c00000|  0%| F|  |TAMS 0x0000000605800000, 0x0000000605800000| Untracked 
|  18|0x0000000605c00000, 0x0000000605c00000, 0x0000000606000000|  0%| F|  |TAMS 0x0000000605c00000, 0x0000000605c00000| Untracked 
|  19|0x0000000606000000, 0x0000000606000000, 0x0000000606400000|  0%| F|  |TAMS 0x0000000606000000, 0x0000000606000000| Untracked 
|  20|0x0000000606400000, 0x0000000606400000, 0x0000000606800000|  0%| F|  |TAMS 0x0000000606400000, 0x0000000606400000| Untracked 
|  21|0x0000000606800000, 0x0000000606800000, 0x0000000606c00000|  0%| F|  |TAMS 0x0000000606800000, 0x0000000606800000| Untracked 
|  22|0x0000000606c00000, 0x0000000606c00000, 0x0000000607000000|  0%| F|  |TAMS 0x0000000606c00000, 0x0000000606c00000| Untracked 
|  23|0x0000000607000000, 0x0000000607000000, 0x0000000607400000|  0%| F|  |TAMS 0x0000000607000000, 0x0000000607000000| Untracked 
|  24|0x0000000607400000, 0x0000000607400000, 0x0000000607800000|  0%| F|  |TAMS 0x0000000607400000, 0x0000000607400000| Untracked 
|  25|0x0000000607800000, 0x0000000607800000, 0x0000000607c00000|  0%| F|  |TAMS 0x0000000607800000, 0x0000000607800000| Untracked 
|  26|0x0000000607c00000, 0x0000000607c00000, 0x0000000608000000|  0%| F|  |TAMS 0x0000000607c00000, 0x0000000607c00000| Untracked 
|  27|0x0000000608000000, 0x0000000608000000, 0x0000000608400000|  0%| F|  |TAMS 0x0000000608000000, 0x0000000608000000| Untracked 
|  28|0x0000000608400000, 0x0000000608400000, 0x0000000608800000|  0%| F|  |TAMS 0x0000000608400000, 0x0000000608400000| Untracked 
|  29|0x0000000608800000, 0x0000000608800000, 0x0000000608c00000|  0%| F|  |TAMS 0x0000000608800000, 0x0000000608800000| Untracked 
|  30|0x0000000608c00000, 0x0000000608c00000, 0x0000000609000000|  0%| F|  |TAMS 0x0000000608c00000, 0x0000000608c00000| Untracked 
|  31|0x0000000609000000, 0x0000000609000000, 0x0000000609400000|  0%| F|  |TAMS 0x0000000609000000, 0x0000000609000000| Untracked 
|  32|0x0000000609400000, 0x0000000609400000, 0x0000000609800000|  0%| F|  |TAMS 0x0000000609400000, 0x0000000609400000| Untracked 
|  33|0x0000000609800000, 0x0000000609800000, 0x0000000609c00000|  0%| F|  |TAMS 0x0000000609800000, 0x0000000609800000| Untracked 
|  34|0x0000000609c00000, 0x0000000609c00000, 0x000000060a000000|  0%| F|  |TAMS 0x0000000609c00000, 0x0000000609c00000| Untracked 
|  35|0x000000060a000000, 0x000000060a000000, 0x000000060a400000|  0%| F|  |TAMS 0x000000060a000000, 0x000000060a000000| Untracked 
|  36|0x000000060a400000, 0x000000060a400000, 0x000000060a800000|  0%| F|  |TAMS 0x000000060a400000, 0x000000060a400000| Untracked 
|  37|0x000000060a800000, 0x000000060a800000, 0x000000060ac00000|  0%| F|  |TAMS 0x000000060a800000, 0x000000060a800000| Untracked 
|  38|0x000000060ac00000, 0x000000060ac00000, 0x000000060b000000|  0%| F|  |TAMS 0x000000060ac00000, 0x000000060ac00000| Untracked 
|  39|0x000000060b000000, 0x000000060b000000, 0x000000060b400000|  0%| F|  |TAMS 0x000000060b000000, 0x000000060b000000| Untracked 
|  40|0x000000060b400000, 0x000000060b400000, 0x000000060b800000|  0%| F|  |TAMS 0x000000060b400000, 0x000000060b400000| Untracked 
|  41|0x000000060b800000, 0x000000060b800000, 0x000000060bc00000|  0%| F|  |TAMS 0x000000060b800000, 0x000000060b800000| Untracked 
|  42|0x000000060bc00000, 0x000000060bc00000, 0x000000060c000000|  0%| F|  |TAMS 0x000000060bc00000, 0x000000060bc00000| Untracked 
|  43|0x000000060c000000, 0x000000060c000000, 0x000000060c400000|  0%| F|  |TAMS 0x000000060c000000, 0x000000060c000000| Untracked 
|  44|0x000000060c400000, 0x000000060c400000, 0x000000060c800000|  0%| F|  |TAMS 0x000000060c400000, 0x000000060c400000| Untracked 
|  45|0x000000060c800000, 0x000000060c800000, 0x000000060cc00000|  0%| F|  |TAMS 0x000000060c800000, 0x000000060c800000| Untracked 
|  46|0x000000060cc00000, 0x000000060cc00000, 0x000000060d000000|  0%| F|  |TAMS 0x000000060cc00000, 0x000000060cc00000| Untracked 
|  47|0x000000060d000000, 0x000000060d000000, 0x000000060d400000|  0%| F|  |TAMS 0x000000060d000000, 0x000000060d000000| Untracked 
|  48|0x000000060d400000, 0x000000060d400000, 0x000000060d800000|  0%| F|  |TAMS 0x000000060d400000, 0x000000060d400000| Untracked 
|  49|0x000000060d800000, 0x000000060d800000, 0x000000060dc00000|  0%| F|  |TAMS 0x000000060d800000, 0x000000060d800000| Untracked 
|  50|0x000000060dc00000, 0x000000060dc00000, 0x000000060e000000|  0%| F|  |TAMS 0x000000060dc00000, 0x000000060dc00000| Untracked 
|  51|0x000000060e000000, 0x000000060e000000, 0x000000060e400000|  0%| F|  |TAMS 0x000000060e000000, 0x000000060e000000| Untracked 
|  52|0x000000060e400000, 0x000000060e400000, 0x000000060e800000|  0%| F|  |TAMS 0x000000060e400000, 0x000000060e400000| Untracked 
|  53|0x000000060e800000, 0x000000060e800000, 0x000000060ec00000|  0%| F|  |TAMS 0x000000060e800000, 0x000000060e800000| Untracked 
|  54|0x000000060ec00000, 0x000000060ec00000, 0x000000060f000000|  0%| F|  |TAMS 0x000000060ec00000, 0x000000060ec00000| Untracked 
|  55|0x000000060f000000, 0x000000060f000000, 0x000000060f400000|  0%| F|  |TAMS 0x000000060f000000, 0x000000060f000000| Untracked 
|  56|0x000000060f400000, 0x000000060f400000, 0x000000060f800000|  0%| F|  |TAMS 0x000000060f400000, 0x000000060f400000| Untracked 
|  57|0x000000060f800000, 0x000000060f800000, 0x000000060fc00000|  0%| F|  |TAMS 0x000000060f800000, 0x000000060f800000| Untracked 
|  58|0x000000060fc00000, 0x000000060fc00000, 0x0000000610000000|  0%| F|  |TAMS 0x000000060fc00000, 0x000000060fc00000| Untracked 
|  59|0x0000000610000000, 0x0000000610000000, 0x0000000610400000|  0%| F|  |TAMS 0x0000000610000000, 0x0000000610000000| Untracked 
|  60|0x0000000610400000, 0x0000000610400000, 0x0000000610800000|  0%| F|  |TAMS 0x0000000610400000, 0x0000000610400000| Untracked 
|  61|0x0000000610800000, 0x0000000610800000, 0x0000000610c00000|  0%| F|  |TAMS 0x0000000610800000, 0x0000000610800000| Untracked 
|  62|0x0000000610c00000, 0x0000000610c00000, 0x0000000611000000|  0%| F|  |TAMS 0x0000000610c00000, 0x0000000610c00000| Untracked 
|  63|0x0000000611000000, 0x0000000611000000, 0x0000000611400000|  0%| F|  |TAMS 0x0000000611000000, 0x0000000611000000| Untracked 
|  64|0x0000000611400000, 0x0000000611400000, 0x0000000611800000|  0%| F|  |TAMS 0x0000000611400000, 0x0000000611400000| Untracked 
|  65|0x0000000611800000, 0x0000000611800000, 0x0000000611c00000|  0%| F|  |TAMS 0x0000000611800000, 0x0000000611800000| Untracked 
|  66|0x0000000611c00000, 0x0000000611c00000, 0x0000000612000000|  0%| F|  |TAMS 0x0000000611c00000, 0x0000000611c00000| Untracked 
|  67|0x0000000612000000, 0x0000000612000000, 0x0000000612400000|  0%| F|  |TAMS 0x0000000612000000, 0x0000000612000000| Untracked 
|  68|0x0000000612400000, 0x0000000612400000, 0x0000000612800000|  0%| F|  |TAMS 0x0000000612400000, 0x0000000612400000| Untracked 
|  69|0x0000000612800000, 0x0000000612800000, 0x0000000612c00000|  0%| F|  |TAMS 0x0000000612800000, 0x0000000612800000| Untracked 
|  70|0x0000000612c00000, 0x0000000612c00000, 0x0000000613000000|  0%| F|  |TAMS 0x0000000612c00000, 0x0000000612c00000| Untracked 
|  71|0x0000000613000000, 0x0000000613000000, 0x0000000613400000|  0%| F|  |TAMS 0x0000000613000000, 0x0000000613000000| Untracked 
|  72|0x0000000613400000, 0x0000000613400000, 0x0000000613800000|  0%| F|  |TAMS 0x0000000613400000, 0x0000000613400000| Untracked 
|  73|0x0000000613800000, 0x0000000613800000, 0x0000000613c00000|  0%| F|  |TAMS 0x0000000613800000, 0x0000000613800000| Untracked 
|  74|0x0000000613c00000, 0x0000000613c00000, 0x0000000614000000|  0%| F|  |TAMS 0x0000000613c00000, 0x0000000613c00000| Untracked 
|  75|0x0000000614000000, 0x0000000614000000, 0x0000000614400000|  0%| F|  |TAMS 0x0000000614000000, 0x0000000614000000| Untracked 
|  76|0x0000000614400000, 0x0000000614400000, 0x0000000614800000|  0%| F|  |TAMS 0x0000000614400000, 0x0000000614400000| Untracked 
|  77|0x0000000614800000, 0x0000000614800000, 0x0000000614c00000|  0%| F|  |TAMS 0x0000000614800000, 0x0000000614800000| Untracked 
|  78|0x0000000614c00000, 0x0000000614c00000, 0x0000000615000000|  0%| F|  |TAMS 0x0000000614c00000, 0x0000000614c00000| Untracked 
|  79|0x0000000615000000, 0x0000000615000000, 0x0000000615400000|  0%| F|  |TAMS 0x0000000615000000, 0x0000000615000000| Untracked 
|  80|0x0000000615400000, 0x0000000615400000, 0x0000000615800000|  0%| F|  |TAMS 0x0000000615400000, 0x0000000615400000| Untracked 
|  81|0x0000000615800000, 0x0000000615800000, 0x0000000615c00000|  0%| F|  |TAMS 0x0000000615800000, 0x0000000615800000| Untracked 
|  82|0x0000000615c00000, 0x0000000615c00000, 0x0000000616000000|  0%| F|  |TAMS 0x0000000615c00000, 0x0000000615c00000| Untracked 
|  83|0x0000000616000000, 0x0000000616000000, 0x0000000616400000|  0%| F|  |TAMS 0x0000000616000000, 0x0000000616000000| Untracked 
|  84|0x0000000616400000, 0x0000000616400000, 0x0000000616800000|  0%| F|  |TAMS 0x0000000616400000, 0x0000000616400000| Untracked 
|  85|0x0000000616800000, 0x0000000616800000, 0x0000000616c00000|  0%| F|  |TAMS 0x0000000616800000, 0x0000000616800000| Untracked 
|  86|0x0000000616c00000, 0x0000000616c00000, 0x0000000617000000|  0%| F|  |TAMS 0x0000000616c00000, 0x0000000616c00000| Untracked 
|  87|0x0000000617000000, 0x0000000617000000, 0x0000000617400000|  0%| F|  |TAMS 0x0000000617000000, 0x0000000617000000| Untracked 
|  88|0x0000000617400000, 0x0000000617400000, 0x0000000617800000|  0%| F|  |TAMS 0x0000000617400000, 0x0000000617400000| Untracked 
|  89|0x0000000617800000, 0x0000000617800000, 0x0000000617c00000|  0%| F|  |TAMS 0x0000000617800000, 0x0000000617800000| Untracked 
|  90|0x0000000617c00000, 0x0000000617c00000, 0x0000000618000000|  0%| F|  |TAMS 0x0000000617c00000, 0x0000000617c00000| Untracked 
|  91|0x0000000618000000, 0x0000000618000000, 0x0000000618400000|  0%| F|  |TAMS 0x0000000618000000, 0x0000000618000000| Untracked 
|  92|0x0000000618400000, 0x0000000618400000, 0x0000000618800000|  0%| F|  |TAMS 0x0000000618400000, 0x0000000618400000| Untracked 
|  93|0x0000000618800000, 0x0000000618800000, 0x0000000618c00000|  0%| F|  |TAMS 0x0000000618800000, 0x0000000618800000| Untracked 
|  94|0x0000000618c00000, 0x0000000618c00000, 0x0000000619000000|  0%| F|  |TAMS 0x0000000618c00000, 0x0000000618c00000| Untracked 
|  95|0x0000000619000000, 0x0000000619000000, 0x0000000619400000|  0%| F|  |TAMS 0x0000000619000000, 0x0000000619000000| Untracked 
|  96|0x0000000619400000, 0x0000000619400000, 0x0000000619800000|  0%| F|  |TAMS 0x0000000619400000, 0x0000000619400000| Untracked 
|  97|0x0000000619800000, 0x0000000619800000, 0x0000000619c00000|  0%| F|  |TAMS 0x0000000619800000, 0x0000000619800000| Untracked 
|  98|0x0000000619c00000, 0x0000000619c00000, 0x000000061a000000|  0%| F|  |TAMS 0x0000000619c00000, 0x0000000619c00000| Untracked 
|  99|0x000000061a000000, 0x000000061a000000, 0x000000061a400000|  0%| F|  |TAMS 0x000000061a000000, 0x000000061a000000| Untracked 
| 100|0x000000061a400000, 0x000000061a400000, 0x000000061a800000|  0%| F|  |TAMS 0x000000061a400000, 0x000000061a400000| Untracked 
| 101|0x000000061a800000, 0x000000061a800000, 0x000000061ac00000|  0%| F|  |TAMS 0x000000061a800000, 0x000000061a800000| Untracked 
| 102|0x000000061ac00000, 0x000000061ac00000, 0x000000061b000000|  0%| F|  |TAMS 0x000000061ac00000, 0x000000061ac00000| Untracked 
| 103|0x000000061b000000, 0x000000061b000000, 0x000000061b400000|  0%| F|  |TAMS 0x000000061b000000, 0x000000061b000000| Untracked 
| 104|0x000000061b400000, 0x000000061b400000, 0x000000061b800000|  0%| F|  |TAMS 0x000000061b400000, 0x000000061b400000| Untracked 
| 105|0x000000061b800000, 0x000000061b800000, 0x000000061bc00000|  0%| F|  |TAMS 0x000000061b800000, 0x000000061b800000| Untracked 
| 106|0x000000061bc00000, 0x000000061bc00000, 0x000000061c000000|  0%| F|  |TAMS 0x000000061bc00000, 0x000000061bc00000| Untracked 
| 107|0x000000061c000000, 0x000000061c000000, 0x000000061c400000|  0%| F|  |TAMS 0x000000061c000000, 0x000000061c000000| Untracked 
| 108|0x000000061c400000, 0x000000061c400000, 0x000000061c800000|  0%| F|  |TAMS 0x000000061c400000, 0x000000061c400000| Untracked 
| 109|0x000000061c800000, 0x000000061c800000, 0x000000061cc00000|  0%| F|  |TAMS 0x000000061c800000, 0x000000061c800000| Untracked 
| 110|0x000000061cc00000, 0x000000061cc00000, 0x000000061d000000|  0%| F|  |TAMS 0x000000061cc00000, 0x000000061cc00000| Untracked 
| 111|0x000000061d000000, 0x000000061d000000, 0x000000061d400000|  0%| F|  |TAMS 0x000000061d000000, 0x000000061d000000| Untracked 
| 112|0x000000061d400000, 0x000000061d400000, 0x000000061d800000|  0%| F|  |TAMS 0x000000061d400000, 0x000000061d400000| Untracked 
| 113|0x000000061d800000, 0x000000061d800000, 0x000000061dc00000|  0%| F|  |TAMS 0x000000061d800000, 0x000000061d800000| Untracked 
| 114|0x000000061dc00000, 0x000000061dc00000, 0x000000061e000000|  0%| F|  |TAMS 0x000000061dc00000, 0x000000061dc00000| Untracked 
| 115|0x000000061e000000, 0x000000061e000000, 0x000000061e400000|  0%| F|  |TAMS 0x000000061e000000, 0x000000061e000000| Untracked 
| 116|0x000000061e400000, 0x000000061e400000, 0x000000061e800000|  0%| F|  |TAMS 0x000000061e400000, 0x000000061e400000| Untracked 
| 117|0x000000061e800000, 0x000000061e800000, 0x000000061ec00000|  0%| F|  |TAMS 0x000000061e800000, 0x000000061e800000| Untracked 
| 118|0x000000061ec00000, 0x000000061ec00000, 0x000000061f000000|  0%| F|  |TAMS 0x000000061ec00000, 0x000000061ec00000| Untracked 
| 119|0x000000061f000000, 0x000000061f000000, 0x000000061f400000|  0%| F|  |TAMS 0x000000061f000000, 0x000000061f000000| Untracked 
| 120|0x000000061f400000, 0x000000061f400000, 0x000000061f800000|  0%| F|  |TAMS 0x000000061f400000, 0x000000061f400000| Untracked 
| 121|0x000000061f800000, 0x000000061f800000, 0x000000061fc00000|  0%| F|  |TAMS 0x000000061f800000, 0x000000061f800000| Untracked 
| 122|0x000000061fc00000, 0x000000061fc00000, 0x0000000620000000|  0%| F|  |TAMS 0x000000061fc00000, 0x000000061fc00000| Untracked 
| 123|0x0000000620000000, 0x0000000620000000, 0x0000000620400000|  0%| F|  |TAMS 0x0000000620000000, 0x0000000620000000| Untracked 
| 124|0x0000000620400000, 0x0000000620400000, 0x0000000620800000|  0%| F|  |TAMS 0x0000000620400000, 0x0000000620400000| Untracked 
| 125|0x0000000620800000, 0x0000000620800000, 0x0000000620c00000|  0%| F|  |TAMS 0x0000000620800000, 0x0000000620800000| Untracked 
| 126|0x0000000620c00000, 0x0000000620da0220, 0x0000000621000000| 40%| E|  |TAMS 0x0000000620c00000, 0x0000000620c00000| Complete 
| 127|0x0000000621000000, 0x0000000621400000, 0x0000000621400000|100%| E|CS|TAMS 0x0000000621000000, 0x0000000621000000| Complete 

Card table byte_map: [0x000001903ade0000,0x000001903bde0000] _byte_map_base: 0x0000019037dd6000

Marking Bits (Prev, Next): (CMBitMap*) 0x000001902710b890, (CMBitMap*) 0x000001902710b8d0
 Prev Bits: [0x000001903cde0000, 0x0000019044d90000)
 Next Bits: [0x0000019044d90000, 0x000001904cd40000)

Polling page: 0x0000019026870000

Metaspace:

Usage:
  Non-class:      8.42 MB capacity,     8.34 MB (>99%) used,    69.18 KB ( <1%) free+waste,     5.50 KB ( <1%) overhead. 
      Class:    821.00 KB capacity,   791.94 KB ( 96%) used,    27.38 KB (  3%) free+waste,     1.69 KB ( <1%) overhead. 
       Both:      9.22 MB capacity,     9.12 MB ( 99%) used,    96.55 KB (  1%) free+waste,     7.19 KB ( <1%) overhead. 

Virtual space:
  Non-class space:       10.00 MB reserved,       8.50 MB ( 85%) committed 
      Class space:        1.00 GB reserved,     896.00 KB ( <1%) committed 
             Both:        1.01 GB reserved,       9.38 MB ( <1%) committed 

Chunk freelists:
   Non-Class:  23.00 KB
       Class:  11.00 KB
        Both:  34.00 KB

MaxMetaspaceSize: 17179869184.00 GB
CompressedClassSpaceSize: 1.00 GB

CodeHeap 'non-profiled nmethods': size=120000Kb used=126Kb max_used=126Kb free=119873Kb
 bounds [0x0000019032580000, 0x00000190327f0000, 0x0000019039ab0000]
CodeHeap 'profiled nmethods': size=120000Kb used=569Kb max_used=569Kb free=119430Kb
 bounds [0x000001902b050000, 0x000001902b2c0000, 0x0000019032580000]
CodeHeap 'non-nmethods': size=5760Kb used=1229Kb max_used=1247Kb free=4530Kb
 bounds [0x000001902aab0000, 0x000001902ad20000, 0x000001902b050000]
 total_blobs=824 nmethods=432 adapters=305
 compilation: enabled
              stopped_count=0, restarted_count=0
 full_count=0

Compilation events (20 events):
Event: 0.368 Thread 0x00000190500bf640  426       3       java.lang.reflect.Modifier::isProtected (12 bytes)
Event: 0.368 Thread 0x00000190500bf640 nmethod 426 0x000001902b0dca90 code [0x000001902b0dcc20, 0x000001902b0dcd58]
Event: 0.368 Thread 0x00000190500bf640  427       3       java.lang.Character::toLowerCase (9 bytes)
Event: 0.368 Thread 0x00000190500bf640 nmethod 427 0x000001902b0dce10 code [0x000001902b0dcfc0, 0x000001902b0dd198]
Event: 20.517 Thread 0x00000190500bf640  428       3       org.eclipse.jdt.launching.internal.org.objectweb.asm.ClassReader::readUnsignedShort (26 bytes)
Event: 20.517 Thread 0x00000190500bf640 nmethod 428 0x000001902b0dd290 code [0x000001902b0dd420, 0x000001902b0dd598]
Event: 20.517 Thread 0x00000190500bf640  429       3       java.lang.String::<init> (74 bytes)
Event: 20.521 Thread 0x00000190500bf640 

Event: 20.521 Thread 0x00000190500bf640  430       3       java.lang.StringUTF16::compress (20 bytes)
Event: 20.521 Thread 0x00000190500bf640 nmethod 430 0x000001902b0dd690 code [0x000001902b0dd840, 0x000001902b0dda68]
Event: 87.203 Thread 0x00000190500bf640  431       3       org.eclipse.jdt.launching.internal.org.objectweb.asm.ClassReader::readUtf (44 bytes)
Event: 87.206 Thread 0x00000190500bf640 

Event: 139.566 Thread 0x00000190500bf640  432       3       org.eclipse.jdt.launching.internal.org.objectweb.asm.ClassReader::getItem (7 bytes)
Event: 139.566 Thread 0x00000190500bf640 nmethod 432 0x000001902b0ddb10 code [0x000001902b0ddca0, 0x000001902b0dddd8]
Event: 139.566 Thread 0x00000190500bf640  435       3       org.eclipse.jdt.launching.internal.org.objectweb.asm.ClassReader::readUtf (44 bytes)
Event: 139.569 Thread 0x00000190500bf640 

Event: 139.569 Thread 0x00000190500bf640  433       3       java.lang.String::<init> (14 bytes)
Event: 139.569 Thread 0x00000190500bf640 nmethod 433 0x000001902b0dde90 code [0x000001902b0de040, 0x000001902b0de238]
Event: 139.569 Thread 0x00000190500bf640  434       3       java.lang.String::rangeCheck (9 bytes)
Event: 139.570 Thread 0x00000190500bf640 nmethod 434 0x000001902b0de390 code [0x000001902b0de540, 0x000001902b0de668]

GC Heap History (0 events):
No events

Deoptimization events (20 events):
Event: 0.353 Thread 0x00000190270948c0 DEOPT PACKING pc=0x000001902b0c586d sp=0x00000078cb5f8360
Event: 0.353 Thread 0x00000190270948c0 DEOPT UNPACKING pc=0x000001902aafe23f sp=0x00000078cb5f7828 mode 0
Event: 0.353 Thread 0x00000190270948c0 DEOPT PACKING pc=0x000001902b0c586d sp=0x00000078cb5f8360
Event: 0.353 Thread 0x00000190270948c0 DEOPT UNPACKING pc=0x000001902aafe23f sp=0x00000078cb5f7828 mode 0
Event: 0.355 Thread 0x00000190270948c0 DEOPT PACKING pc=0x000001902b0c586d sp=0x00000078cb5f8360
Event: 0.355 Thread 0x00000190270948c0 DEOPT UNPACKING pc=0x000001902aafe23f sp=0x00000078cb5f7828 mode 0
Event: 0.355 Thread 0x00000190270948c0 DEOPT PACKING pc=0x000001902b0c586d sp=0x00000078cb5f8360
Event: 0.355 Thread 0x00000190270948c0 DEOPT UNPACKING pc=0x000001902aafe23f sp=0x00000078cb5f7828 mode 0
Event: 0.359 Thread 0x00000190270948c0 DEOPT PACKING pc=0x000001902b0c586d sp=0x00000078cb5fbe40
Event: 0.359 Thread 0x00000190270948c0 DEOPT UNPACKING pc=0x000001902aafe23f sp=0x00000078cb5fb308 mode 0
Event: 0.359 Thread 0x00000190270948c0 DEOPT PACKING pc=0x000001902b0c586d sp=0x00000078cb5fbe40
Event: 0.359 Thread 0x00000190270948c0 DEOPT UNPACKING pc=0x000001902aafe23f sp=0x00000078cb5fb308 mode 0
Event: 0.359 Thread 0x00000190270948c0 DEOPT PACKING pc=0x000001902b0c586d sp=0x00000078cb5fbe40
Event: 0.359 Thread 0x00000190270948c0 DEOPT UNPACKING pc=0x000001902aafe23f sp=0x00000078cb5fb308 mode 0
Event: 0.361 Thread 0x00000190270948c0 DEOPT PACKING pc=0x000001902b0c586d sp=0x00000078cb5f82e0
Event: 0.361 Thread 0x00000190270948c0 DEOPT UNPACKING pc=0x000001902aafe23f sp=0x00000078cb5f77a8 mode 0
Event: 0.363 Thread 0x00000190270948c0 Uncommon trap: trap_request=0xffffff45 fr.pc=0x0000019032589274 relative=0x0000000000000254
Event: 0.363 Thread 0x00000190270948c0 Uncommon trap: reason=unstable_if action=reinterpret pc=0x0000019032589274 method=java.lang.String.hashCode()I @ 20 c2
Event: 0.363 Thread 0x00000190270948c0 DEOPT PACKING pc=0x0000019032589274 sp=0x00000078cb5fce00
Event: 0.363 Thread 0x00000190270948c0 DEOPT UNPACKING pc=0x000001902aafe42f sp=0x00000078cb5fcd98 mode 2

Classes unloaded (0 events):
No events

Classes redefined (4 events):
Event: 20.518 Thread 0x0000019050046420 redefined class name=Question07, count=1
Event: 87.204 Thread 0x0000019050046420 redefined class name=Question07, count=2
Event: 92.445 Thread 0x0000019050046420 redefined class name=Question07, count=3
Event: 139.567 Thread 0x0000019050046420 redefined class name=Question07, count=4

Internal exceptions (3 events):
Event: 0.246 Thread 0x00000190270948c0 Exception <a 'java/lang/NoSuchMethodError'{0x000000062124e840}: 'void java.lang.invoke.DirectMethodHandle$Holder.invokeStatic(java.lang.Object, java.lang.Object)'> (0x000000062124e840) 
thrown [./open/src/hotspot/share/interpreter/linkResolver.cpp, line 782]
Event: 0.247 Thread 0x00000190270948c0 Exception <a 'java/lang/NoSuchMethodError'{0x00000006212524e8}: 'void java.lang.invoke.DirectMethodHandle$Holder.invokeStaticInit(java.lang.Object, java.lang.Object)'> (0x00000006212524e8) 
thrown [./open/src/hotspot/share/interpreter/linkResolver.cpp, line 782]
Event: 0.334 Thread 0x00000190270948c0 Exception <a 'java/lang/NoSuchMethodError'{0x0000000620cad0b8}: 'java.lang.Object java.lang.invoke.DirectMethodHandle$Holder.invokeStatic(java.lang.Object)'> (0x0000000620cad0b8) 
thrown [./open/src/hotspot/share/interpreter/linkResolver.cpp, line 782]

Events (20 events):
Event: 142.354 Executing VM operation: SetFramePop
Event: 142.354 Executing VM operation: SetFramePop done
Event: 142.354 Executing VM operation: GetFrameLocation
Event: 142.354 Executing VM operation: GetFrameLocation done
Event: 142.354 Executing VM operation: GetCurrentLocation
Event: 142.354 Executing VM operation: GetCurrentLocation done
Event: 142.354 Executing VM operation: ChangeSingleStep
Event: 142.354 Executing VM operation: ChangeSingleStep done
Event: 142.355 Executing VM operation: GetFrameLocation
Event: 142.355 Executing VM operation: GetFrameLocation done
Event: 142.357 Executing VM operation: ChangeSingleStep
Event: 142.357 Executing VM operation: ChangeSingleStep done
Event: 142.358 Executing VM operation: GetFrameCount
Event: 142.358 Executing VM operation: GetFrameCount done
Event: 142.359 Executing VM operation: GetFrameCount
Event: 142.359 Executing VM operation: GetFrameCount done
Event: 142.359 Executing VM operation: GetStackTrace
Event: 142.359 Executing VM operation: GetStackTrace done
Event: 142.360 Executing VM operation: GetFrameCount
Event: 142.360 Executing VM operation: GetFrameCount done


Dynamic libraries:
0x00007ff743f80000 - 0x00007ff743f8d000 	C:\Users\SMART16\eclipse\java-2022-12\eclipse.old\plugins\org.eclipse.justj.openjdk.hotspot.jre.full.win32.x86_64_15.0.2.v20210201-0955\jre\bin\javaw.exe
0x00007ffdc66b0000 - 0x00007ffdc68a8000 	C:\WINDOWS\SYSTEM32\ntdll.dll
0x00007ffdc60c0000 - 0x00007ffdc617f000 	C:\WINDOWS\System32\KERNEL32.DLL
0x00007ffdc42c0000 - 0x00007ffdc4592000 	C:\WINDOWS\System32\KERNELBASE.dll
0x00007ffdc4060000 - 0x00007ffdc4160000 	C:\WINDOWS\System32\ucrtbase.dll
0x00007ffdbb790000 - 0x00007ffdbb7a8000 	C:\Users\SMART16\eclipse\java-2022-12\eclipse.old\plugins\org.eclipse.justj.openjdk.hotspot.jre.full.win32.x86_64_15.0.2.v20210201-0955\jre\bin\jli.dll
0x00007ffdc4890000 - 0x00007ffdc4a31000 	C:\WINDOWS\System32\USER32.dll
0x00007ffdbb770000 - 0x00007ffdbb789000 	C:\Users\SMART16\eclipse\java-2022-12\eclipse.old\plugins\org.eclipse.justj.openjdk.hotspot.jre.full.win32.x86_64_15.0.2.v20210201-0955\jre\bin\VCRUNTIME140.dll
0x00007ffdb5ad0000 - 0x00007ffdb5d6a000 	C:\WINDOWS\WinSxS\amd64_microsoft.windows.common-controls_6595b64144ccf1df_6.0.19041.1110_none_60b5254171f9507e\COMCTL32.dll
0x00007ffdc4030000 - 0x00007ffdc4052000 	C:\WINDOWS\System32\win32u.dll
0x00007ffdc6340000 - 0x00007ffdc63de000 	C:\WINDOWS\System32\msvcrt.dll
0x00007ffdc4790000 - 0x00007ffdc47bb000 	C:\WINDOWS\System32\GDI32.dll
0x00007ffdc3e90000 - 0x00007ffdc3f9f000 	C:\WINDOWS\System32\gdi32full.dll
0x00007ffdc45f0000 - 0x00007ffdc468d000 	C:\WINDOWS\System32\msvcp_win.dll
0x00007ffdc6510000 - 0x00007ffdc6540000 	C:\WINDOWS\System32\IMM32.DLL
0x00007ffdbc3e0000 - 0x00007ffdbc3ec000 	C:\Users\SMART16\eclipse\java-2022-12\eclipse.old\plugins\org.eclipse.justj.openjdk.hotspot.jre.full.win32.x86_64_15.0.2.v20210201-0955\jre\bin\vcruntime140_1.dll
0x00007ffda8890000 - 0x00007ffda8921000 	C:\Users\SMART16\eclipse\java-2022-12\eclipse.old\plugins\org.eclipse.justj.openjdk.hotspot.jre.full.win32.x86_64_15.0.2.v20210201-0955\jre\bin\msvcp140.dll
0x00007ffd855a0000 - 0x00007ffd860fe000 	C:\Users\SMART16\eclipse\java-2022-12\eclipse.old\plugins\org.eclipse.justj.openjdk.hotspot.jre.full.win32.x86_64_15.0.2.v20210201-0955\jre\bin\server\jvm.dll
0x00007ffdc63e0000 - 0x00007ffdc648e000 	C:\WINDOWS\System32\ADVAPI32.dll
0x00007ffdc5940000 - 0x00007ffdc59dc000 	C:\WINDOWS\System32\sechost.dll
0x00007ffdc5720000 - 0x00007ffdc5844000 	C:\WINDOWS\System32\RPCRT4.dll
0x00007ffdc5930000 - 0x00007ffdc5938000 	C:\WINDOWS\System32\PSAPI.DLL
0x00007ffdb3a60000 - 0x00007ffdb3a69000 	C:\WINDOWS\SYSTEM32\WSOCK32.dll
0x00007ffdb5e70000 - 0x00007ffdb5e97000 	C:\WINDOWS\SYSTEM32\WINMM.dll
0x00007ffdb6010000 - 0x00007ffdb601a000 	C:\WINDOWS\SYSTEM32\VERSION.dll
0x00007ffdc6270000 - 0x00007ffdc62db000 	C:\WINDOWS\System32\WS2_32.dll
0x00007ffdc1c90000 - 0x00007ffdc1ca2000 	C:\WINDOWS\SYSTEM32\kernel.appcore.dll
0x00007ffdbfa80000 - 0x00007ffdbfa8a000 	C:\Users\SMART16\eclipse\java-2022-12\eclipse.old\plugins\org.eclipse.justj.openjdk.hotspot.jre.full.win32.x86_64_15.0.2.v20210201-0955\jre\bin\jimage.dll
0x00007ffdb16f0000 - 0x00007ffdb18d4000 	C:\WINDOWS\SYSTEM32\DBGHELP.DLL
0x00007ffdb16b0000 - 0x00007ffdb16e5000 	C:\WINDOWS\SYSTEM32\dbgcore.DLL
0x00007ffdc3fa0000 - 0x00007ffdc4022000 	C:\WINDOWS\System32\bcryptPrimitives.dll
0x00007ffda8bd0000 - 0x00007ffda8c09000 	C:\Users\SMART16\eclipse\java-2022-12\eclipse.old\plugins\org.eclipse.justj.openjdk.hotspot.jre.full.win32.x86_64_15.0.2.v20210201-0955\jre\bin\jdwp.dll
0x00007ffdbb800000 - 0x00007ffdbb80e000 	C:\Users\SMART16\eclipse\java-2022-12\eclipse.old\plugins\org.eclipse.justj.openjdk.hotspot.jre.full.win32.x86_64_15.0.2.v20210201-0955\jre\bin\instrument.dll
0x00007ffdbc3f0000 - 0x00007ffdbc415000 	C:\Users\SMART16\eclipse\java-2022-12\eclipse.old\plugins\org.eclipse.justj.openjdk.hotspot.jre.full.win32.x86_64_15.0.2.v20210201-0955\jre\bin\java.dll
0x00007ffdbf870000 - 0x00007ffdbf888000 	C:\Users\SMART16\eclipse\java-2022-12\eclipse.old\plugins\org.eclipse.justj.openjdk.hotspot.jre.full.win32.x86_64_15.0.2.v20210201-0955\jre\bin\zip.dll
0x00007ffdc4a40000 - 0x00007ffdc5185000 	C:\WINDOWS\System32\SHELL32.dll
0x00007ffdc1e90000 - 0x00007ffdc2622000 	C:\WINDOWS\SYSTEM32\windows.storage.dll
0x00007ffdc5d60000 - 0x00007ffdc60b5000 	C:\WINDOWS\System32\combase.dll
0x00007ffdc3730000 - 0x00007ffdc3760000 	C:\WINDOWS\SYSTEM32\Wldp.dll
0x00007ffdc5ba0000 - 0x00007ffdc5c4d000 	C:\WINDOWS\System32\SHCORE.dll
0x00007ffdc61f0000 - 0x00007ffdc6245000 	C:\WINDOWS\System32\shlwapi.dll
0x00007ffdc3cf0000 - 0x00007ffdc3d0f000 	C:\WINDOWS\SYSTEM32\profapi.dll
0x00007ffdbb680000 - 0x00007ffdbb68b000 	C:\Users\SMART16\eclipse\java-2022-12\eclipse.old\plugins\org.eclipse.justj.openjdk.hotspot.jre.full.win32.x86_64_15.0.2.v20210201-0955\jre\bin\dt_socket.dll
0x00007ffdc3180000 - 0x00007ffdc31bb000 	C:\WINDOWS\SYSTEM32\IPHLPAPI.DLL
0x00007ffdc3490000 - 0x00007ffdc34fa000 	C:\WINDOWS\system32\mswsock.dll
0x00007ffdc31c0000 - 0x00007ffdc328b000 	C:\WINDOWS\SYSTEM32\DNSAPI.dll
0x00007ffdc61e0000 - 0x00007ffdc61e8000 	C:\WINDOWS\System32\NSI.dll
0x00007ffdbba80000 - 0x00007ffdbba8a000 	C:\Windows\System32\rasadhlp.dll
0x00007ffdba220000 - 0x00007ffdba2a0000 	C:\WINDOWS\System32\fwpuclnt.dll
0x00007ffdc3e60000 - 0x00007ffdc3e87000 	C:\WINDOWS\System32\bcrypt.dll
0x00007ffdbc4e0000 - 0x00007ffdbc4f9000 	C:\Users\SMART16\eclipse\java-2022-12\eclipse.old\plugins\org.eclipse.justj.openjdk.hotspot.jre.full.win32.x86_64_15.0.2.v20210201-0955\jre\bin\net.dll
0x00007ffdbb830000 - 0x00007ffdbb93a000 	C:\WINDOWS\SYSTEM32\WINHTTP.dll
0x00007ffdbbcd0000 - 0x00007ffdbbce2000 	C:\Users\SMART16\eclipse\java-2022-12\eclipse.old\plugins\org.eclipse.justj.openjdk.hotspot.jre.full.win32.x86_64_15.0.2.v20210201-0955\jre\bin\nio.dll
0x00007ffdbf8e0000 - 0x00007ffdbf8f0000 	C:\Users\SMART16\eclipse\java-2022-12\eclipse.old\plugins\org.eclipse.justj.openjdk.hotspot.jre.full.win32.x86_64_15.0.2.v20210201-0955\jre\bin\verify.dll

dbghelp: loaded successfully - version: 4.0.5 - missing functions: none
symbol engine: initialized successfully - sym options: 0x614 - pdb path: .;C:\Users\SMART16\eclipse\java-2022-12\eclipse.old\plugins\org.eclipse.justj.openjdk.hotspot.jre.full.win32.x86_64_15.0.2.v20210201-0955\jre\bin;C:\WINDOWS\SYSTEM32;C:\WINDOWS\WinSxS\amd64_microsoft.windows.common-controls_6595b64144ccf1df_6.0.19041.1110_none_60b5254171f9507e;C:\Users\SMART16\eclipse\java-2022-12\eclipse.old\plugins\org.eclipse.justj.openjdk.hotspot.jre.full.win32.x86_64_15.0.2.v20210201-0955\jre\bin\server

VM Arguments:
jvm_args: -XX:+ShowCodeDetailsInExceptionMessages -agentlib:jdwp=transport=dt_socket,suspend=y,address=localhost:59011 -javaagent:C:\Users\SMART16\eclipse\java-2022-12\eclipse.old\configuration\org.eclipse.osgi\222\0\.cp\lib\javaagent-shaded.jar -Dfile.encoding=MS949 
java_command: Question07
java_class_path (initial): C:\Users\SMART16\workSpace\01. java\03.20\03.22\bin
Launcher Type: SUN_STANDARD

[Global flags]
     intx CICompilerCount                          = 4                                         {product} {ergonomic}
     uint ConcGCThreads                            = 2                                         {product} {ergonomic}
     uint G1ConcRefinementThreads                  = 8                                         {product} {ergonomic}
   size_t G1HeapRegionSize                         = 4194304                                   {product} {ergonomic}
    uintx GCDrainStackTargetSize                   = 64                                        {product} {ergonomic}
   size_t InitialHeapSize                          = 536870912                                 {product} {ergonomic}
   size_t MarkStackSize                            = 4194304                                   {product} {ergonomic}
   size_t MaxHeapSize                              = 8568963072                                {product} {ergonomic}
   size_t MaxNewSize                               = 5138022400                                {product} {ergonomic}
   size_t MinHeapDeltaBytes                        = 4194304                                   {product} {ergonomic}
   size_t MinHeapSize                              = 8388608                                   {product} {ergonomic}
    uintx NonNMethodCodeHeapSize                   = 5839372                                {pd product} {ergonomic}
    uintx NonProfiledCodeHeapSize                  = 122909434                              {pd product} {ergonomic}
    uintx ProfiledCodeHeapSize                     = 122909434                              {pd product} {ergonomic}
    uintx ReservedCodeCacheSize                    = 251658240                              {pd product} {ergonomic}
     bool SegmentedCodeCache                       = true                                      {product} {ergonomic}
     bool ShowCodeDetailsInExceptionMessages       = true                                   {manageable} {command line}
   size_t SoftMaxHeapSize                          = 8568963072                             {manageable} {ergonomic}
     bool UseCompressedClassPointers               = true                                 {lp64_product} {ergonomic}
     bool UseCompressedOops                        = true                                 {lp64_product} {ergonomic}
     bool UseG1GC                                  = true                                      {product} {ergonomic}
     bool UseLargePagesIndividualAllocation        = false                                  {pd product} {ergonomic}

Logging:
Log output configuration:
 #0: stdout all=warning uptime,level,tags
 #1: stderr all=off uptime,level,tags

Environment Variables:
CLASSPATH=%JAVA_HOME%\lib
PATH=C:\Users\SMART16\eclipse\java-2022-12\eclipse.old\plugins\org.eclipse.justj.openjdk.hotspot.jre.full.win32.x86_64_15.0.2.v20210201-0955\jre\bin;C:/Users/SMART16/eclipse/java-2022-12/eclipse.old//plugins/org.eclipse.justj.openjdk.hotspot.jre.full.win32.x86_64_15.0.2.v20210201-0955/jre/bin/server;C:/Users/SMART16/eclipse/java-2022-12/eclipse.old//plugins/org.eclipse.justj.openjdk.hotspot.jre.full.win32.x86_64_15.0.2.v20210201-0955/jre/bin;C:\Program Files\Common Files\Oracle\Java\javapath;C:\oraclexe\app\oracle\product\11.2.0\server\bin;C:\Program Files\MariaDB 10.3\bin;C:\WINDOWS\system32;C:\WINDOWS;C:\WINDOWS\System32\Wbem;C:\WINDOWS\System32\WindowsPowerShell\v1.0\;C:\WINDOWS\System32\OpenSSH\;C:\Users\SMART16\AppData\Local\Microsoft\WindowsApps;C:\Users\SMART16\anaconda3;C:\Users\SMART16\anaconda3\Scripts;C:\Program Files\nodejs\;C:\Program Files\Git\cmd;C:\Program Files\PuTTY\;C:\Users\SMART16\anaconda3;C:\Users\SMART16\anaconda3\Library\mingw-w64\bin;C:\Users\SMART16\anaconda3\Library\usr\bin;C:\Users\SMART16\anaconda3\Library\bin;C:\Users\SMART16\anaconda3\Scripts;C:\Users\SMART16\AppData\Local\Microsoft\WindowsApps;C:\Users\SMART16\AppData\Local\atom\bin;C:\Users\SMART16\AppData\Roaming\npm;C:\Users\SMART16\AppData\Local\GitHubDesktop\bin;C:\Users\SMART16\eclipse\java-2022-12\eclipse.old;
USERNAME=SMART16
OS=Windows_NT
PROCESSOR_IDENTIFIER=Intel64 Family 6 Model 79 Stepping 1, GenuineIntel



---------------  S Y S T E M  ---------------

OS:
 Windows 10 , 64 bit Build 19041 (10.0.19041.2546)
OS uptime: 1 days 0:07 hours

CPU: total 8 (initial active 8) (4 cores per cpu, 2 threads per core) family 6 model 79 stepping 1 microcode 0xb000031, cmov, cx8, fxsr, mmx, sse, sse2, sse3, ssse3, sse4.1, sse4.2, popcnt, vzeroupper, avx, avx2, aes, clmul, erms, rtm, 3dnowpref, lzcnt, ht, tsc, tscinvbit, bmi1, bmi2, adx, fma, clflush

Memory: 4k page, system-wide physical 32684M (24434M free)
TotalPageFile size 37548M (AvailPageFile size 23821M)
current process WorkingSet (physical memory assigned to process): 47M, peak: 49M
current process commit charge ("private bytes"): 611M, peak: 612M

vm_info: OpenJDK 64-Bit Server VM (15.0.2+7-27) for windows-amd64 JRE (15.0.2+7-27), built on Dec  7 2020 20:02:38 by "mach5one" with unknown MS VC++:1925

END.
